<?xml version="1.0" encoding="utf-8"?>
<CoverageSession xmlns:xsd="http://www.w3.org/2001/XMLSchema" xmlns:xsi="http://www.w3.org/2001/XMLSchema-instance" Version="0.0.0.0">
  <Summary numSequencePoints="299" visitedSequencePoints="228" numBranchPoints="0" visitedBranchPoints="0" sequenceCoverage="76.25" branchCoverage="0.0" maxCyclomaticComplexity="0" minCyclomaticComplexity="0" maxCrapScore="0" minCrapScore="0" visitedClasses="21" numClasses="27" visitedMethods="32" numMethods="52" />
  <Modules>
    <Module>
      <Summary numSequencePoints="12" visitedSequencePoints="0" numBranchPoints="0" visitedBranchPoints="0" sequenceCoverage="0.0" branchCoverage="0.0" maxCyclomaticComplexity="0" minCyclomaticComplexity="0" maxCrapScore="0" minCrapScore="0" visitedClasses="0" numClasses="2" visitedMethods="0" numMethods="5" />
      <ModuleTime>0001-01-01T00:00:00</ModuleTime>
      <ModuleName>App.LogicCore</ModuleName>
      <Files>
        <File uid="1" fullPath="C:/Users/studentutu/Documents/Unity3DCleanArchitecture/app-ca/Assets/App/LogicCore/Runtime/Scripts/Data/TitleNullException.cs" />
        <File uid="2" fullPath="C:/Users/studentutu/Documents/Unity3DCleanArchitecture/app-ca/Assets/App/LogicCore/Runtime/Scripts/Data/ToDoListItem.cs" />
      </Files>
      <Classes>
        <Class>
          <Summary numSequencePoints="3" visitedSequencePoints="0" numBranchPoints="0" visitedBranchPoints="0" sequenceCoverage="0.0" branchCoverage="0.0" maxCyclomaticComplexity="0" minCyclomaticComplexity="0" maxCrapScore="0" minCrapScore="0" visitedClasses="0" numClasses="1" visitedMethods="0" numMethods="1" />
          <FullName>App.LogicCore.Runtime.Scripts.Data.TitleNullException</FullName>
          <Methods>
            <Method visited="false" cyclomaticComplexity="0" nPathComplexity="0" sequenceCoverage="0.0" branchCoverage="0" crapScore="0" isConstructor="true" isStatic="false" isGetter="false" isSetter="false">
              <Summary numSequencePoints="3" visitedSequencePoints="0" numBranchPoints="0" visitedBranchPoints="0" sequenceCoverage="0.0" branchCoverage="0" maxCyclomaticComplexity="0" minCyclomaticComplexity="0" maxCrapScore="0" minCrapScore="0" visitedClasses="0" numClasses="0" visitedMethods="0" numMethods="1" />
              <MetadataToken>100663297</MetadataToken>
              <Name>App.LogicCore.Runtime.Scripts.Data.TitleNullException::TitleNullException(System.String)</Name>
              <FileRef uid="1" />
              <SequencePoints>
                <SequencePoint vc="0" uspid="741" ordinal="0" offset="0" sl="7" sc="0" el="7" ec="0" bec="0" bev="0" fileid="1" />
                <SequencePoint vc="0" uspid="742" ordinal="0" offset="7" sl="8" sc="0" el="8" ec="0" bec="0" bev="0" fileid="1" />
                <SequencePoint vc="0" uspid="743" ordinal="0" offset="8" sl="10" sc="0" el="10" ec="0" bec="0" bev="0" fileid="1" />
              </SequencePoints>
              <BranchPoints />
            </Method>
          </Methods>
        </Class>
        <Class>
          <Summary numSequencePoints="9" visitedSequencePoints="0" numBranchPoints="0" visitedBranchPoints="0" sequenceCoverage="0.0" branchCoverage="0.0" maxCyclomaticComplexity="0" minCyclomaticComplexity="0" maxCrapScore="0" minCrapScore="0" visitedClasses="0" numClasses="1" visitedMethods="0" numMethods="4" />
          <FullName>App.LogicCore.Runtime.Scripts.Data.ToDoListItem</FullName>
          <Methods>
            <Method visited="false" cyclomaticComplexity="0" nPathComplexity="0" sequenceCoverage="0.0" branchCoverage="0" crapScore="0" isConstructor="false" isStatic="false" isGetter="true" isSetter="false">
              <Summary numSequencePoints="1" visitedSequencePoints="0" numBranchPoints="0" visitedBranchPoints="0" sequenceCoverage="0.0" branchCoverage="0" maxCyclomaticComplexity="0" minCyclomaticComplexity="0" maxCrapScore="0" minCrapScore="0" visitedClasses="0" numClasses="0" visitedMethods="0" numMethods="1" />
              <MetadataToken>100663298</MetadataToken>
              <Name>System.String App.LogicCore.Runtime.Scripts.Data.ToDoListItem::get_Title()</Name>
              <FileRef uid="2" />
              <SequencePoints>
                <SequencePoint vc="0" uspid="744" ordinal="0" offset="0" sl="13" sc="0" el="13" ec="0" bec="0" bev="0" fileid="2" />
              </SequencePoints>
              <BranchPoints />
            </Method>
            <Method visited="false" cyclomaticComplexity="0" nPathComplexity="0" sequenceCoverage="0.0" branchCoverage="0" crapScore="0" isConstructor="false" isStatic="false" isGetter="true" isSetter="false">
              <Summary numSequencePoints="1" visitedSequencePoints="0" numBranchPoints="0" visitedBranchPoints="0" sequenceCoverage="0.0" branchCoverage="0" maxCyclomaticComplexity="0" minCyclomaticComplexity="0" maxCrapScore="0" minCrapScore="0" visitedClasses="0" numClasses="0" visitedMethods="0" numMethods="1" />
              <MetadataToken>100663299</MetadataToken>
              <Name>System.String App.LogicCore.Runtime.Scripts.Data.ToDoListItem::get_Body()</Name>
              <FileRef uid="2" />
              <SequencePoints>
                <SequencePoint vc="0" uspid="745" ordinal="0" offset="0" sl="15" sc="0" el="15" ec="0" bec="0" bev="0" fileid="2" />
              </SequencePoints>
              <BranchPoints />
            </Method>
            <Method visited="false" cyclomaticComplexity="0" nPathComplexity="0" sequenceCoverage="0.0" branchCoverage="0" crapScore="0" isConstructor="false" isStatic="false" isGetter="false" isSetter="false">
              <Summary numSequencePoints="3" visitedSequencePoints="0" numBranchPoints="0" visitedBranchPoints="0" sequenceCoverage="0.0" branchCoverage="0" maxCyclomaticComplexity="0" minCyclomaticComplexity="0" maxCrapScore="0" minCrapScore="0" visitedClasses="0" numClasses="0" visitedMethods="0" numMethods="1" />
              <MetadataToken>100663301</MetadataToken>
              <Name>System.Boolean App.LogicCore.Runtime.Scripts.Data.ToDoListItem::IsValidItem()</Name>
              <FileRef uid="2" />
              <SequencePoints>
                <SequencePoint vc="0" uspid="746" ordinal="0" offset="0" sl="23" sc="0" el="23" ec="0" bec="0" bev="0" fileid="2" />
                <SequencePoint vc="0" uspid="747" ordinal="0" offset="1" sl="24" sc="0" el="24" ec="0" bec="0" bev="0" fileid="2" />
                <SequencePoint vc="0" uspid="748" ordinal="0" offset="18" sl="25" sc="0" el="25" ec="0" bec="0" bev="0" fileid="2" />
              </SequencePoints>
              <BranchPoints />
            </Method>
            <Method visited="false" cyclomaticComplexity="0" nPathComplexity="0" sequenceCoverage="0.0" branchCoverage="0" crapScore="0" isConstructor="true" isStatic="false" isGetter="false" isSetter="false">
              <Summary numSequencePoints="4" visitedSequencePoints="0" numBranchPoints="0" visitedBranchPoints="0" sequenceCoverage="0.0" branchCoverage="0" maxCyclomaticComplexity="0" minCyclomaticComplexity="0" maxCrapScore="0" minCrapScore="0" visitedClasses="0" numClasses="0" visitedMethods="0" numMethods="1" />
              <MetadataToken>100663300</MetadataToken>
              <Name>App.LogicCore.Runtime.Scripts.Data.ToDoListItem::ToDoListItem(System.String)</Name>
              <FileRef uid="2" />
              <SequencePoints>
                <SequencePoint vc="0" uspid="749" ordinal="0" offset="0" sl="17" sc="0" el="17" ec="0" bec="0" bev="0" fileid="2" />
                <SequencePoint vc="0" uspid="750" ordinal="0" offset="7" sl="18" sc="0" el="18" ec="0" bec="0" bev="0" fileid="2" />
                <SequencePoint vc="0" uspid="751" ordinal="0" offset="8" sl="19" sc="0" el="19" ec="0" bec="0" bev="0" fileid="2" />
                <SequencePoint vc="0" uspid="752" ordinal="0" offset="26" sl="20" sc="0" el="20" ec="0" bec="0" bev="0" fileid="2" />
              </SequencePoints>
              <BranchPoints />
            </Method>
          </Methods>
        </Class>
      </Classes>
    </Module>
    <Module>
      <Summary numSequencePoints="157" visitedSequencePoints="144" numBranchPoints="0" visitedBranchPoints="0" sequenceCoverage="91.72" branchCoverage="0.0" maxCyclomaticComplexity="0" minCyclomaticComplexity="0" maxCrapScore="0" minCrapScore="0" visitedClasses="15" numClasses="16" visitedMethods="20" numMethods="22" />
      <ModuleTime>0001-01-01T00:00:00</ModuleTime>
      <ModuleName>App.Logic.AppShared.Tests</ModuleName>
      <Files>
        <File uid="3" fullPath="C:/Users/studentutu/Documents/Unity3DCleanArchitecture/app-ca/Assets/App/LogicAppShared/Tests/Editor/UnitTests.cs" />
      </Files>
      <Classes>
        <Class>
          <Summary numSequencePoints="29" visitedSequencePoints="29" numBranchPoints="0" visitedBranchPoints="0" sequenceCoverage="100.0" branchCoverage="0.0" maxCyclomaticComplexity="0" minCyclomaticComplexity="0" maxCrapScore="0" minCrapScore="0" visitedClasses="1" numClasses="1" visitedMethods="4" numMethods="4" />
          <FullName>App.LogicAppShared.Tests.UnitTests</FullName>
          <Methods>
            <Method visited="true" cyclomaticComplexity="0" nPathComplexity="0" sequenceCoverage="100.0" branchCoverage="0" crapScore="0" isConstructor="false" isStatic="false" isGetter="false" isSetter="false">
              <Summary numSequencePoints="2" visitedSequencePoints="2" numBranchPoints="0" visitedBranchPoints="0" sequenceCoverage="100.0" branchCoverage="0" maxCyclomaticComplexity="0" minCyclomaticComplexity="0" maxCrapScore="0" minCrapScore="0" visitedClasses="0" numClasses="0" visitedMethods="1" numMethods="1" />
              <MetadataToken>100663297</MetadataToken>
              <Name>System.Void App.LogicAppShared.Tests.UnitTests::UnitTestsSimplePasses()</Name>
              <FileRef uid="3" />
              <SequencePoints>
                <SequencePoint vc="1" uspid="753" ordinal="0" offset="0" sl="19" sc="9" el="19" ec="9" bec="0" bev="0" fileid="3" />
                <SequencePoint vc="1" uspid="754" ordinal="0" offset="1" sl="21" sc="9" el="21" ec="9" bec="0" bev="0" fileid="3" />
              </SequencePoints>
              <BranchPoints />
            </Method>
            <Method visited="true" cyclomaticComplexity="0" nPathComplexity="0" sequenceCoverage="100.0" branchCoverage="0" crapScore="0" isConstructor="false" isStatic="false" isGetter="false" isSetter="false">
              <Summary numSequencePoints="5" visitedSequencePoints="5" numBranchPoints="0" visitedBranchPoints="0" sequenceCoverage="100.0" branchCoverage="0" maxCyclomaticComplexity="0" minCyclomaticComplexity="0" maxCrapScore="0" minCrapScore="0" visitedClasses="0" numClasses="0" visitedMethods="1" numMethods="1" />
              <MetadataToken>100663298</MetadataToken>
              <Name>System.Void App.LogicAppShared.Tests.UnitTests::IBuilder()</Name>
              <FileRef uid="3" />
              <SequencePoints>
                <SequencePoint vc="1" uspid="755" ordinal="0" offset="0" sl="26" sc="9" el="26" ec="9" bec="0" bev="0" fileid="3" />
                <SequencePoint vc="1" uspid="756" ordinal="0" offset="1" sl="27" sc="13" el="27" ec="13" bec="0" bev="0" fileid="3" />
                <SequencePoint vc="1" uspid="757" ordinal="0" offset="12" sl="28" sc="13" el="28" ec="13" bec="0" bev="0" fileid="3" />
                <SequencePoint vc="1" uspid="758" ordinal="0" offset="24" sl="29" sc="13" el="29" ec="13" bec="0" bev="0" fileid="3" />
                <SequencePoint vc="1" uspid="759" ordinal="0" offset="31" sl="30" sc="9" el="30" ec="9" bec="0" bev="0" fileid="3" />
              </SequencePoints>
              <BranchPoints />
            </Method>
            <Method visited="true" cyclomaticComplexity="0" nPathComplexity="0" sequenceCoverage="100.0" branchCoverage="0" crapScore="0" isConstructor="false" isStatic="false" isGetter="false" isSetter="false">
              <Summary numSequencePoints="4" visitedSequencePoints="4" numBranchPoints="0" visitedBranchPoints="0" sequenceCoverage="100.0" branchCoverage="0" maxCyclomaticComplexity="0" minCyclomaticComplexity="0" maxCrapScore="0" minCrapScore="0" visitedClasses="0" numClasses="0" visitedMethods="1" numMethods="1" />
              <MetadataToken>100663301</MetadataToken>
              <Name>T App.LogicAppShared.Tests.UnitTests::Setup[T]()</Name>
              <FileRef uid="3" />
              <SequencePoints>
                <SequencePoint vc="3" uspid="760" ordinal="0" offset="0" sl="78" sc="0" el="78" ec="0" bec="0" bev="0" fileid="3" />
                <SequencePoint vc="3" uspid="761" ordinal="0" offset="1" sl="79" sc="0" el="79" ec="0" bec="0" bev="0" fileid="3" />
                <SequencePoint vc="3" uspid="762" ordinal="0" offset="7" sl="80" sc="0" el="80" ec="0" bec="0" bev="0" fileid="3" />
                <SequencePoint vc="3" uspid="763" ordinal="0" offset="16" sl="81" sc="0" el="81" ec="0" bec="0" bev="0" fileid="3" />
              </SequencePoints>
              <BranchPoints />
            </Method>
            <Method visited="true" cyclomaticComplexity="0" nPathComplexity="0" sequenceCoverage="100.0" branchCoverage="0" crapScore="0" isConstructor="false" isStatic="false" isGetter="false" isSetter="false">
              <Summary numSequencePoints="18" visitedSequencePoints="18" numBranchPoints="0" visitedBranchPoints="0" sequenceCoverage="100.0" branchCoverage="0" maxCyclomaticComplexity="0" minCyclomaticComplexity="0" maxCrapScore="0" minCrapScore="0" visitedClasses="0" numClasses="0" visitedMethods="1" numMethods="1" />
              <MetadataToken>100663310</MetadataToken>
              <Name>System.Void App.LogicAppShared.Tests.UnitTests::LazyList()</Name>
              <FileRef uid="3" />
              <SequencePoints>
                <SequencePoint vc="1" uspid="764" ordinal="0" offset="0" sl="226" sc="9" el="226" ec="9" bec="0" bev="0" fileid="3" />
                <SequencePoint vc="1" uspid="765" ordinal="0" offset="1" sl="227" sc="13" el="227" ec="13" bec="0" bev="0" fileid="3" />
                <SequencePoint vc="1" uspid="766" ordinal="0" offset="38" sl="232" sc="13" el="232" ec="13" bec="0" bev="0" fileid="3" />
                <SequencePoint vc="1" uspid="767" ordinal="0" offset="40" sl="233" sc="13" el="233" ec="13" bec="0" bev="0" fileid="3" />
                <SequencePoint vc="1" uspid="768" ordinal="0" offset="42" sl="234" sc="13" el="234" ec="13" bec="0" bev="0" fileid="3" />
                <SequencePoint vc="1" uspid="769" ordinal="0" offset="60" sl="235" sc="13" el="235" ec="13" bec="0" bev="0" fileid="3" />
                <SequencePoint vc="1" uspid="770" ordinal="0" offset="61" sl="235" sc="34" el="235" ec="34" bec="0" bev="0" fileid="3" />
                <SequencePoint vc="6" uspid="771" ordinal="0" offset="71" sl="235" sc="22" el="235" ec="22" bec="0" bev="0" fileid="3" />
                <SequencePoint vc="6" uspid="772" ordinal="0" offset="80" sl="236" sc="13" el="236" ec="13" bec="0" bev="0" fileid="3" />
                <SequencePoint vc="6" uspid="773" ordinal="0" offset="81" sl="237" sc="17" el="237" ec="17" bec="0" bev="0" fileid="3" />
                <SequencePoint vc="6" uspid="774" ordinal="0" offset="94" sl="238" sc="17" el="238" ec="17" bec="0" bev="0" fileid="3" />
                <SequencePoint vc="6" uspid="775" ordinal="0" offset="98" sl="239" sc="17" el="239" ec="17" bec="0" bev="0" fileid="3" />
                <SequencePoint vc="1" uspid="776" ordinal="0" offset="108" sl="240" sc="17" el="240" ec="17" bec="0" bev="0" fileid="3" />
                <SequencePoint vc="1" uspid="777" ordinal="0" offset="109" sl="241" sc="21" el="241" ec="21" bec="0" bev="0" fileid="3" />
                <SequencePoint vc="5" uspid="778" ordinal="0" offset="111" sl="243" sc="13" el="243" ec="13" bec="0" bev="0" fileid="3" />
                <SequencePoint vc="6" uspid="779" ordinal="0" offset="112" sl="235" sc="31" el="235" ec="31" bec="0" bev="0" fileid="3" />
                <SequencePoint vc="1" uspid="780" ordinal="0" offset="136" sl="244" sc="13" el="244" ec="13" bec="0" bev="0" fileid="3" />
                <SequencePoint vc="1" uspid="781" ordinal="0" offset="146" sl="245" sc="9" el="245" ec="9" bec="0" bev="0" fileid="3" />
              </SequencePoints>
              <BranchPoints />
            </Method>
          </Methods>
        </Class>
        <Class>
          <Summary numSequencePoints="11" visitedSequencePoints="8" numBranchPoints="0" visitedBranchPoints="0" sequenceCoverage="72.73" branchCoverage="0.0" maxCyclomaticComplexity="0" minCyclomaticComplexity="0" maxCrapScore="0" minCrapScore="0" visitedClasses="1" numClasses="1" visitedMethods="2" numMethods="3" />
          <FullName>App.LogicAppShared.Tests.UnitTests/SampleBuilder</FullName>
          <Methods>
            <Method visited="true" cyclomaticComplexity="0" nPathComplexity="0" sequenceCoverage="66.67" branchCoverage="0" crapScore="0" isConstructor="false" isStatic="false" isGetter="false" isSetter="false">
              <Summary numSequencePoints="6" visitedSequencePoints="4" numBranchPoints="0" visitedBranchPoints="0" sequenceCoverage="66.67" branchCoverage="0" maxCyclomaticComplexity="0" minCyclomaticComplexity="0" maxCrapScore="0" minCrapScore="0" visitedClasses="0" numClasses="0" visitedMethods="1" numMethods="1" />
              <MetadataToken>100663312</MetadataToken>
              <Name>System.Threading.Tasks.Task[IResult] App.LogicAppShared.Tests.UnitTests/SampleBuilder::Build()</Name>
              <FileRef uid="3" />
              <SequencePoints>
                <SequencePoint vc="1" uspid="782" ordinal="0" offset="0" sl="47" sc="13" el="47" ec="13" bec="0" bev="0" fileid="3" />
                <SequencePoint vc="1" uspid="783" ordinal="0" offset="1" sl="48" sc="17" el="48" ec="17" bec="0" bev="0" fileid="3" />
                <SequencePoint vc="0" uspid="784" ordinal="0" offset="14" sl="49" sc="17" el="49" ec="17" bec="0" bev="0" fileid="3" />
                <SequencePoint vc="0" uspid="785" ordinal="0" offset="15" sl="50" sc="21" el="50" ec="21" bec="0" bev="0" fileid="3" />
                <SequencePoint vc="1" uspid="786" ordinal="0" offset="54" sl="53" sc="17" el="53" ec="17" bec="0" bev="0" fileid="3" />
                <SequencePoint vc="1" uspid="787" ordinal="0" offset="74" sl="54" sc="13" el="54" ec="13" bec="0" bev="0" fileid="3" />
              </SequencePoints>
              <BranchPoints />
            </Method>
            <Method visited="true" cyclomaticComplexity="0" nPathComplexity="0" sequenceCoverage="100.0" branchCoverage="0" crapScore="0" isConstructor="false" isStatic="false" isGetter="false" isSetter="false">
              <Summary numSequencePoints="4" visitedSequencePoints="4" numBranchPoints="0" visitedBranchPoints="0" sequenceCoverage="100.0" branchCoverage="0" maxCyclomaticComplexity="0" minCyclomaticComplexity="0" maxCrapScore="0" minCrapScore="0" visitedClasses="0" numClasses="0" visitedMethods="1" numMethods="1" />
              <MetadataToken>100663313</MetadataToken>
              <Name>App.LogicAppShared.Runtime.Scripts.CommonPatterns.IBuilder App.LogicAppShared.Tests.UnitTests/SampleBuilder::With[W](W)</Name>
              <FileRef uid="3" />
              <SequencePoints>
                <SequencePoint vc="1" uspid="788" ordinal="0" offset="0" sl="57" sc="0" el="57" ec="0" bec="0" bev="0" fileid="3" />
                <SequencePoint vc="1" uspid="789" ordinal="0" offset="1" sl="58" sc="0" el="58" ec="0" bec="0" bev="0" fileid="3" />
                <SequencePoint vc="1" uspid="790" ordinal="0" offset="13" sl="59" sc="0" el="59" ec="0" bec="0" bev="0" fileid="3" />
                <SequencePoint vc="1" uspid="791" ordinal="0" offset="17" sl="60" sc="0" el="60" ec="0" bec="0" bev="0" fileid="3" />
              </SequencePoints>
              <BranchPoints />
            </Method>
            <Method visited="false" cyclomaticComplexity="0" nPathComplexity="0" sequenceCoverage="0.0" branchCoverage="0" crapScore="0" isConstructor="false" isStatic="false" isGetter="false" isSetter="false">
              <Summary numSequencePoints="1" visitedSequencePoints="0" numBranchPoints="0" visitedBranchPoints="0" sequenceCoverage="0.0" branchCoverage="0" maxCyclomaticComplexity="0" minCyclomaticComplexity="0" maxCrapScore="0" minCrapScore="0" visitedClasses="0" numClasses="0" visitedMethods="0" numMethods="1" />
              <MetadataToken>100663315</MetadataToken>
              <Name>App.LogicAppShared.Runtime.Scripts.CommonPatterns.IResult App.LogicAppShared.Tests.UnitTests/SampleBuilder::&lt;Build&gt;b__1_1()</Name>
              <FileRef uid="3" />
              <SequencePoints>
                <SequencePoint vc="0" uspid="792" ordinal="0" offset="0" sl="53" sc="0" el="53" ec="0" bec="0" bev="0" fileid="3" />
              </SequencePoints>
              <BranchPoints />
            </Method>
          </Methods>
        </Class>
        <Class>
          <Summary numSequencePoints="9" visitedSequencePoints="9" numBranchPoints="0" visitedBranchPoints="0" sequenceCoverage="100.0" branchCoverage="0.0" maxCyclomaticComplexity="0" minCyclomaticComplexity="0" maxCrapScore="0" minCrapScore="0" visitedClasses="1" numClasses="1" visitedMethods="2" numMethods="2" />
          <FullName>App.LogicAppShared.Tests.UnitTests/LazyValueIterator</FullName>
          <Methods>
            <Method visited="true" cyclomaticComplexity="0" nPathComplexity="0" sequenceCoverage="100.0" branchCoverage="0" crapScore="0" isConstructor="false" isStatic="false" isGetter="false" isSetter="false">
              <Summary numSequencePoints="6" visitedSequencePoints="6" numBranchPoints="0" visitedBranchPoints="0" sequenceCoverage="100.0" branchCoverage="0" maxCyclomaticComplexity="0" minCyclomaticComplexity="0" maxCrapScore="0" minCrapScore="0" visitedClasses="0" numClasses="0" visitedMethods="1" numMethods="1" />
              <MetadataToken>100663317</MetadataToken>
              <Name>App.LogicAppShared.Runtime.Scripts.CommonPatterns.LazyItem[Int32] App.LogicAppShared.Tests.UnitTests/LazyValueIterator::GenerateNextValue()</Name>
              <FileRef uid="3" />
              <SequencePoints>
                <SequencePoint vc="5" uspid="793" ordinal="0" offset="13" sl="212" sc="13" el="212" ec="13" bec="0" bev="0" fileid="3" />
                <SequencePoint vc="5" uspid="794" ordinal="0" offset="14" sl="213" sc="17" el="213" ec="17" bec="0" bev="0" fileid="3" />
                <SequencePoint vc="5" uspid="795" ordinal="0" offset="26" sl="214" sc="17" el="214" ec="17" bec="0" bev="0" fileid="3" />
                <SequencePoint vc="5" uspid="796" ordinal="0" offset="44" sl="218" sc="17" el="218" ec="17" bec="0" bev="0" fileid="3" />
                <SequencePoint vc="5" uspid="797" ordinal="0" offset="51" sl="219" sc="17" el="219" ec="17" bec="0" bev="0" fileid="3" />
                <SequencePoint vc="5" uspid="798" ordinal="0" offset="55" sl="220" sc="13" el="220" ec="13" bec="0" bev="0" fileid="3" />
              </SequencePoints>
              <BranchPoints />
            </Method>
            <Method visited="true" cyclomaticComplexity="0" nPathComplexity="0" sequenceCoverage="100.0" branchCoverage="0" crapScore="0" isConstructor="true" isStatic="false" isGetter="false" isSetter="false">
              <Summary numSequencePoints="3" visitedSequencePoints="3" numBranchPoints="0" visitedBranchPoints="0" sequenceCoverage="100.0" branchCoverage="0" maxCyclomaticComplexity="0" minCyclomaticComplexity="0" maxCrapScore="0" minCrapScore="0" visitedClasses="0" numClasses="0" visitedMethods="1" numMethods="1" />
              <MetadataToken>100663316</MetadataToken>
              <Name>App.LogicAppShared.Tests.UnitTests/LazyValueIterator::LazyValueIterator(System.Func[Int32])</Name>
              <FileRef uid="3" />
              <SequencePoints>
                <SequencePoint vc="6" uspid="799" ordinal="0" offset="0" sl="209" sc="60" el="209" ec="60" bec="0" bev="0" fileid="3" />
                <SequencePoint vc="6" uspid="800" ordinal="0" offset="8" sl="209" sc="75" el="209" ec="75" bec="0" bev="0" fileid="3" />
                <SequencePoint vc="6" uspid="801" ordinal="0" offset="9" sl="209" sc="77" el="209" ec="77" bec="0" bev="0" fileid="3" />
              </SequencePoints>
              <BranchPoints />
            </Method>
          </Methods>
        </Class>
        <Class>
          <Summary numSequencePoints="3" visitedSequencePoints="3" numBranchPoints="0" visitedBranchPoints="0" sequenceCoverage="100.0" branchCoverage="0.0" maxCyclomaticComplexity="0" minCyclomaticComplexity="0" maxCrapScore="0" minCrapScore="0" visitedClasses="1" numClasses="1" visitedMethods="1" numMethods="1" />
          <FullName>App.LogicAppShared.Tests.UnitTests/&lt;UnitTestsWithEnumeratorPasses&gt;d__2</FullName>
          <Methods>
            <Method visited="true" cyclomaticComplexity="0" nPathComplexity="0" sequenceCoverage="100.0" branchCoverage="0" crapScore="0" isConstructor="false" isStatic="false" isGetter="false" isSetter="false">
              <Summary numSequencePoints="3" visitedSequencePoints="3" numBranchPoints="0" visitedBranchPoints="0" sequenceCoverage="100.0" branchCoverage="0" maxCyclomaticComplexity="0" minCyclomaticComplexity="0" maxCrapScore="0" minCrapScore="0" visitedClasses="0" numClasses="0" visitedMethods="1" numMethods="1" />
              <MetadataToken>100663320</MetadataToken>
              <Name>System.Boolean App.LogicAppShared.Tests.UnitTests/&lt;UnitTestsWithEnumeratorPasses&gt;d__2::MoveNext()</Name>
              <FileRef uid="3" />
              <SequencePoints>
                <SequencePoint vc="1" uspid="802" ordinal="0" offset="31" sl="36" sc="9" el="36" ec="9" bec="0" bev="0" fileid="3" />
                <SequencePoint vc="1" uspid="803" ordinal="0" offset="32" sl="39" sc="13" el="39" ec="13" bec="0" bev="0" fileid="3" />
                <SequencePoint vc="1" uspid="804" ordinal="0" offset="55" sl="40" sc="9" el="40" ec="9" bec="0" bev="0" fileid="3" />
              </SequencePoints>
              <BranchPoints />
            </Method>
          </Methods>
        </Class>
        <Class>
          <Summary numSequencePoints="11" visitedSequencePoints="8" numBranchPoints="0" visitedBranchPoints="0" sequenceCoverage="72.73" branchCoverage="0.0" maxCyclomaticComplexity="0" minCyclomaticComplexity="0" maxCrapScore="0" minCrapScore="0" visitedClasses="1" numClasses="1" visitedMethods="1" numMethods="1" />
          <FullName>App.LogicAppShared.Tests.UnitTests/&lt;IBuilderBuild&gt;d__4</FullName>
          <Methods>
            <Method visited="true" cyclomaticComplexity="0" nPathComplexity="0" sequenceCoverage="72.73" branchCoverage="0" crapScore="0" isConstructor="false" isStatic="false" isGetter="false" isSetter="false">
              <Summary numSequencePoints="11" visitedSequencePoints="8" numBranchPoints="0" visitedBranchPoints="0" sequenceCoverage="72.73" branchCoverage="0" maxCyclomaticComplexity="0" minCyclomaticComplexity="0" maxCrapScore="0" minCrapScore="0" visitedClasses="0" numClasses="0" visitedMethods="1" numMethods="1" />
              <MetadataToken>100663325</MetadataToken>
              <Name>System.Void App.LogicAppShared.Tests.UnitTests/&lt;IBuilderBuild&gt;d__4::MoveNext()</Name>
              <FileRef uid="3" />
              <SequencePoints>
                <SequencePoint vc="1" uspid="805" ordinal="0" offset="17" sl="65" sc="9" el="65" ec="9" bec="0" bev="0" fileid="3" />
                <SequencePoint vc="1" uspid="806" ordinal="0" offset="18" sl="66" sc="13" el="66" ec="13" bec="0" bev="0" fileid="3" />
                <SequencePoint vc="1" uspid="807" ordinal="0" offset="29" sl="67" sc="13" el="67" ec="13" bec="0" bev="0" fileid="3" />
                <SequencePoint vc="1" uspid="808" ordinal="0" offset="40" sl="68" sc="13" el="68" ec="13" bec="0" bev="0" fileid="3" />
                <SequencePoint vc="1" uspid="809" ordinal="0" offset="63" sl="70" sc="13" el="70" ec="13" bec="0" bev="0" fileid="3" />
                <SequencePoint vc="1" uspid="810" ordinal="0" offset="75" sl="71" sc="13" el="71" ec="13" bec="0" bev="0" fileid="3" />
                <SequencePoint vc="1" uspid="811" ordinal="0" offset="93" sl="73" sc="13" el="73" ec="13" bec="0" bev="0" fileid="3" />
                <SequencePoint vc="1" uspid="812" ordinal="0" offset="128" sl="73" sc="13" el="73" ec="13" bec="0" bev="0" fileid="3" />
                <SequencePoint vc="0" uspid="813" ordinal="0" offset="155" sl="73" sc="13" el="73" ec="13" bec="0" bev="0" fileid="3" />
                <SequencePoint vc="0" uspid="814" ordinal="0" offset="215" sl="74" sc="13" el="74" ec="13" bec="0" bev="0" fileid="3" />
                <SequencePoint vc="0" uspid="815" ordinal="0" offset="259" sl="75" sc="9" el="75" ec="9" bec="0" bev="0" fileid="3" />
              </SequencePoints>
              <BranchPoints />
            </Method>
          </Methods>
        </Class>
        <Class>
          <Summary numSequencePoints="8" visitedSequencePoints="8" numBranchPoints="0" visitedBranchPoints="0" sequenceCoverage="100.0" branchCoverage="0.0" maxCyclomaticComplexity="0" minCyclomaticComplexity="0" maxCrapScore="0" minCrapScore="0" visitedClasses="1" numClasses="1" visitedMethods="1" numMethods="1" />
          <FullName>App.LogicAppShared.Tests.UnitTests/&lt;Singleton&gt;d__6</FullName>
          <Methods>
            <Method visited="true" cyclomaticComplexity="0" nPathComplexity="0" sequenceCoverage="100.0" branchCoverage="0" crapScore="0" isConstructor="false" isStatic="false" isGetter="false" isSetter="false">
              <Summary numSequencePoints="8" visitedSequencePoints="8" numBranchPoints="0" visitedBranchPoints="0" sequenceCoverage="100.0" branchCoverage="0" maxCyclomaticComplexity="0" minCyclomaticComplexity="0" maxCrapScore="0" minCrapScore="0" visitedClasses="0" numClasses="0" visitedMethods="1" numMethods="1" />
              <MetadataToken>100663329</MetadataToken>
              <Name>System.Boolean App.LogicAppShared.Tests.UnitTests/&lt;Singleton&gt;d__6::MoveNext()</Name>
              <FileRef uid="3" />
              <SequencePoints>
                <SequencePoint vc="1" uspid="816" ordinal="0" offset="31" sl="85" sc="9" el="85" ec="9" bec="0" bev="0" fileid="3" />
                <SequencePoint vc="1" uspid="817" ordinal="0" offset="32" sl="86" sc="13" el="86" ec="13" bec="0" bev="0" fileid="3" />
                <SequencePoint vc="1" uspid="818" ordinal="0" offset="49" sl="87" sc="13" el="87" ec="13" bec="0" bev="0" fileid="3" />
                <SequencePoint vc="1" uspid="819" ordinal="0" offset="60" sl="88" sc="13" el="88" ec="13" bec="0" bev="0" fileid="3" />
                <SequencePoint vc="1" uspid="820" ordinal="0" offset="77" sl="89" sc="13" el="89" ec="13" bec="0" bev="0" fileid="3" />
                <SequencePoint vc="1" uspid="821" ordinal="0" offset="94" sl="90" sc="13" el="90" ec="13" bec="0" bev="0" fileid="3" />
                <SequencePoint vc="1" uspid="822" ordinal="0" offset="116" sl="91" sc="13" el="91" ec="13" bec="0" bev="0" fileid="3" />
                <SequencePoint vc="1" uspid="823" ordinal="0" offset="139" sl="92" sc="9" el="92" ec="9" bec="0" bev="0" fileid="3" />
              </SequencePoints>
              <BranchPoints />
            </Method>
          </Methods>
        </Class>
        <Class>
          <Summary numSequencePoints="25" visitedSequencePoints="22" numBranchPoints="0" visitedBranchPoints="0" sequenceCoverage="88.00" branchCoverage="0.0" maxCyclomaticComplexity="0" minCyclomaticComplexity="0" maxCrapScore="0" minCrapScore="0" visitedClasses="1" numClasses="1" visitedMethods="1" numMethods="1" />
          <FullName>App.LogicAppShared.Tests.UnitTests/&lt;SingletonDoubles&gt;d__7</FullName>
          <Methods>
            <Method visited="true" cyclomaticComplexity="0" nPathComplexity="0" sequenceCoverage="88.00" branchCoverage="0" crapScore="0" isConstructor="false" isStatic="false" isGetter="false" isSetter="false">
              <Summary numSequencePoints="25" visitedSequencePoints="22" numBranchPoints="0" visitedBranchPoints="0" sequenceCoverage="88.00" branchCoverage="0" maxCyclomaticComplexity="0" minCyclomaticComplexity="0" maxCrapScore="0" minCrapScore="0" visitedClasses="0" numClasses="0" visitedMethods="1" numMethods="1" />
              <MetadataToken>100663335</MetadataToken>
              <Name>System.Boolean App.LogicAppShared.Tests.UnitTests/&lt;SingletonDoubles&gt;d__7::MoveNext()</Name>
              <FileRef uid="3" />
              <SequencePoints>
                <SequencePoint vc="1" uspid="824" ordinal="0" offset="45" sl="96" sc="9" el="96" ec="9" bec="0" bev="0" fileid="3" />
                <SequencePoint vc="1" uspid="825" ordinal="0" offset="46" sl="98" sc="13" el="98" ec="13" bec="0" bev="0" fileid="3" />
                <SequencePoint vc="1" uspid="826" ordinal="0" offset="57" sl="99" sc="13" el="99" ec="13" bec="0" bev="0" fileid="3" />
                <SequencePoint vc="1" uspid="827" ordinal="0" offset="68" sl="100" sc="13" el="100" ec="13" bec="0" bev="0" fileid="3" />
                <SequencePoint vc="1" uspid="828" ordinal="0" offset="85" sl="101" sc="13" el="101" ec="13" bec="0" bev="0" fileid="3" />
                <SequencePoint vc="5" uspid="829" ordinal="0" offset="94" sl="103" sc="13" el="103" ec="13" bec="0" bev="0" fileid="3" />
                <SequencePoint vc="5" uspid="830" ordinal="0" offset="95" sl="104" sc="17" el="104" ec="17" bec="0" bev="0" fileid="3" />
                <SequencePoint vc="5" uspid="831" ordinal="0" offset="111" sl="105" sc="17" el="105" ec="17" bec="0" bev="0" fileid="3" />
                <SequencePoint vc="5" uspid="832" ordinal="0" offset="134" sl="106" sc="13" el="106" ec="13" bec="0" bev="0" fileid="3" />
                <SequencePoint vc="6" uspid="833" ordinal="0" offset="135" sl="102" sc="13" el="102" ec="13" bec="0" bev="0" fileid="3" />
                <SequencePoint vc="1" uspid="834" ordinal="0" offset="148" sl="108" sc="13" el="108" ec="13" bec="0" bev="0" fileid="3" />
                <SequencePoint vc="1" uspid="835" ordinal="0" offset="165" sl="109" sc="13" el="109" ec="13" bec="0" bev="0" fileid="3" />
                <SequencePoint vc="1" uspid="836" ordinal="0" offset="177" sl="111" sc="13" el="111" ec="13" bec="0" bev="0" fileid="3" />
                <SequencePoint vc="1" uspid="837" ordinal="0" offset="194" sl="112" sc="13" el="112" ec="13" bec="0" bev="0" fileid="3" />
                <SequencePoint vc="1" uspid="838" ordinal="0" offset="211" sl="114" sc="13" el="114" ec="13" bec="0" bev="0" fileid="3" />
                <SequencePoint vc="1" uspid="839" ordinal="0" offset="227" sl="115" sc="13" el="115" ec="13" bec="0" bev="0" fileid="3" />
                <SequencePoint vc="1" uspid="840" ordinal="0" offset="228" sl="116" sc="17" el="116" ec="17" bec="0" bev="0" fileid="3" />
                <SequencePoint vc="1" uspid="841" ordinal="0" offset="245" sl="117" sc="13" el="117" ec="13" bec="0" bev="0" fileid="3" />
                <SequencePoint vc="1" uspid="842" ordinal="0" offset="246" sl="119" sc="13" el="119" ec="13" bec="0" bev="0" fileid="3" />
                <SequencePoint vc="0" uspid="843" ordinal="0" offset="264" sl="120" sc="13" el="120" ec="13" bec="0" bev="0" fileid="3" />
                <SequencePoint vc="0" uspid="844" ordinal="0" offset="265" sl="121" sc="17" el="121" ec="17" bec="0" bev="0" fileid="3" />
                <SequencePoint vc="0" uspid="845" ordinal="0" offset="282" sl="122" sc="13" el="122" ec="13" bec="0" bev="0" fileid="3" />
                <SequencePoint vc="1" uspid="846" ordinal="0" offset="283" sl="123" sc="13" el="123" ec="13" bec="0" bev="0" fileid="3" />
                <SequencePoint vc="1" uspid="847" ordinal="0" offset="305" sl="124" sc="13" el="124" ec="13" bec="0" bev="0" fileid="3" />
                <SequencePoint vc="1" uspid="848" ordinal="0" offset="328" sl="125" sc="9" el="125" ec="9" bec="0" bev="0" fileid="3" />
              </SequencePoints>
              <BranchPoints />
            </Method>
          </Methods>
        </Class>
        <Class>
          <Summary numSequencePoints="25" visitedSequencePoints="22" numBranchPoints="0" visitedBranchPoints="0" sequenceCoverage="88.00" branchCoverage="0.0" maxCyclomaticComplexity="0" minCyclomaticComplexity="0" maxCrapScore="0" minCrapScore="0" visitedClasses="1" numClasses="1" visitedMethods="1" numMethods="1" />
          <FullName>App.LogicAppShared.Tests.UnitTests/&lt;SingletonPersistantDoubles&gt;d__8</FullName>
          <Methods>
            <Method visited="true" cyclomaticComplexity="0" nPathComplexity="0" sequenceCoverage="88.00" branchCoverage="0" crapScore="0" isConstructor="false" isStatic="false" isGetter="false" isSetter="false">
              <Summary numSequencePoints="25" visitedSequencePoints="22" numBranchPoints="0" visitedBranchPoints="0" sequenceCoverage="88.00" branchCoverage="0" maxCyclomaticComplexity="0" minCyclomaticComplexity="0" maxCrapScore="0" minCrapScore="0" visitedClasses="0" numClasses="0" visitedMethods="1" numMethods="1" />
              <MetadataToken>100663341</MetadataToken>
              <Name>System.Boolean App.LogicAppShared.Tests.UnitTests/&lt;SingletonPersistantDoubles&gt;d__8::MoveNext()</Name>
              <FileRef uid="3" />
              <SequencePoints>
                <SequencePoint vc="1" uspid="849" ordinal="0" offset="45" sl="129" sc="9" el="129" ec="9" bec="0" bev="0" fileid="3" />
                <SequencePoint vc="1" uspid="850" ordinal="0" offset="46" sl="131" sc="13" el="131" ec="13" bec="0" bev="0" fileid="3" />
                <SequencePoint vc="1" uspid="851" ordinal="0" offset="57" sl="132" sc="13" el="132" ec="13" bec="0" bev="0" fileid="3" />
                <SequencePoint vc="1" uspid="852" ordinal="0" offset="68" sl="133" sc="13" el="133" ec="13" bec="0" bev="0" fileid="3" />
                <SequencePoint vc="1" uspid="853" ordinal="0" offset="85" sl="134" sc="13" el="134" ec="13" bec="0" bev="0" fileid="3" />
                <SequencePoint vc="5" uspid="854" ordinal="0" offset="94" sl="136" sc="13" el="136" ec="13" bec="0" bev="0" fileid="3" />
                <SequencePoint vc="5" uspid="855" ordinal="0" offset="95" sl="137" sc="17" el="137" ec="17" bec="0" bev="0" fileid="3" />
                <SequencePoint vc="5" uspid="856" ordinal="0" offset="111" sl="138" sc="17" el="138" ec="17" bec="0" bev="0" fileid="3" />
                <SequencePoint vc="5" uspid="857" ordinal="0" offset="134" sl="139" sc="13" el="139" ec="13" bec="0" bev="0" fileid="3" />
                <SequencePoint vc="6" uspid="858" ordinal="0" offset="135" sl="135" sc="13" el="135" ec="13" bec="0" bev="0" fileid="3" />
                <SequencePoint vc="1" uspid="859" ordinal="0" offset="148" sl="141" sc="13" el="141" ec="13" bec="0" bev="0" fileid="3" />
                <SequencePoint vc="1" uspid="860" ordinal="0" offset="165" sl="142" sc="13" el="142" ec="13" bec="0" bev="0" fileid="3" />
                <SequencePoint vc="1" uspid="861" ordinal="0" offset="177" sl="144" sc="13" el="144" ec="13" bec="0" bev="0" fileid="3" />
                <SequencePoint vc="1" uspid="862" ordinal="0" offset="194" sl="145" sc="13" el="145" ec="13" bec="0" bev="0" fileid="3" />
                <SequencePoint vc="1" uspid="863" ordinal="0" offset="211" sl="147" sc="13" el="147" ec="13" bec="0" bev="0" fileid="3" />
                <SequencePoint vc="1" uspid="864" ordinal="0" offset="227" sl="148" sc="13" el="148" ec="13" bec="0" bev="0" fileid="3" />
                <SequencePoint vc="1" uspid="865" ordinal="0" offset="228" sl="149" sc="17" el="149" ec="17" bec="0" bev="0" fileid="3" />
                <SequencePoint vc="1" uspid="866" ordinal="0" offset="245" sl="150" sc="13" el="150" ec="13" bec="0" bev="0" fileid="3" />
                <SequencePoint vc="1" uspid="867" ordinal="0" offset="246" sl="152" sc="13" el="152" ec="13" bec="0" bev="0" fileid="3" />
                <SequencePoint vc="0" uspid="868" ordinal="0" offset="264" sl="153" sc="13" el="153" ec="13" bec="0" bev="0" fileid="3" />
                <SequencePoint vc="0" uspid="869" ordinal="0" offset="265" sl="154" sc="17" el="154" ec="17" bec="0" bev="0" fileid="3" />
                <SequencePoint vc="0" uspid="870" ordinal="0" offset="282" sl="155" sc="13" el="155" ec="13" bec="0" bev="0" fileid="3" />
                <SequencePoint vc="1" uspid="871" ordinal="0" offset="283" sl="156" sc="13" el="156" ec="13" bec="0" bev="0" fileid="3" />
                <SequencePoint vc="1" uspid="872" ordinal="0" offset="305" sl="157" sc="13" el="157" ec="13" bec="0" bev="0" fileid="3" />
                <SequencePoint vc="1" uspid="873" ordinal="0" offset="328" sl="158" sc="9" el="158" ec="9" bec="0" bev="0" fileid="3" />
              </SequencePoints>
              <BranchPoints />
            </Method>
          </Methods>
        </Class>
        <Class>
          <Summary numSequencePoints="5" visitedSequencePoints="5" numBranchPoints="0" visitedBranchPoints="0" sequenceCoverage="100.0" branchCoverage="0.0" maxCyclomaticComplexity="0" minCyclomaticComplexity="0" maxCrapScore="0" minCrapScore="0" visitedClasses="1" numClasses="1" visitedMethods="1" numMethods="1" />
          <FullName>App.LogicAppShared.Tests.UnitTests/&lt;SingletonIsNotPersistant&gt;d__9</FullName>
          <Methods>
            <Method visited="true" cyclomaticComplexity="0" nPathComplexity="0" sequenceCoverage="100.0" branchCoverage="0" crapScore="0" isConstructor="false" isStatic="false" isGetter="false" isSetter="false">
              <Summary numSequencePoints="5" visitedSequencePoints="5" numBranchPoints="0" visitedBranchPoints="0" sequenceCoverage="100.0" branchCoverage="0" maxCyclomaticComplexity="0" minCyclomaticComplexity="0" maxCrapScore="0" minCrapScore="0" visitedClasses="0" numClasses="0" visitedMethods="1" numMethods="1" />
              <MetadataToken>100663347</MetadataToken>
              <Name>System.Boolean App.LogicAppShared.Tests.UnitTests/&lt;SingletonIsNotPersistant&gt;d__9::MoveNext()</Name>
              <FileRef uid="3" />
              <SequencePoints>
                <SequencePoint vc="1" uspid="874" ordinal="0" offset="31" sl="162" sc="9" el="162" ec="9" bec="0" bev="0" fileid="3" />
                <SequencePoint vc="1" uspid="875" ordinal="0" offset="32" sl="163" sc="13" el="163" ec="13" bec="0" bev="0" fileid="3" />
                <SequencePoint vc="1" uspid="876" ordinal="0" offset="43" sl="164" sc="13" el="164" ec="13" bec="0" bev="0" fileid="3" />
                <SequencePoint vc="1" uspid="877" ordinal="0" offset="59" sl="165" sc="13" el="165" ec="13" bec="0" bev="0" fileid="3" />
                <SequencePoint vc="1" uspid="878" ordinal="0" offset="82" sl="166" sc="9" el="166" ec="9" bec="0" bev="0" fileid="3" />
              </SequencePoints>
              <BranchPoints />
            </Method>
          </Methods>
        </Class>
        <Class>
          <Summary numSequencePoints="5" visitedSequencePoints="5" numBranchPoints="0" visitedBranchPoints="0" sequenceCoverage="100.0" branchCoverage="0.0" maxCyclomaticComplexity="0" minCyclomaticComplexity="0" maxCrapScore="0" minCrapScore="0" visitedClasses="1" numClasses="1" visitedMethods="1" numMethods="1" />
          <FullName>App.LogicAppShared.Tests.UnitTests/&lt;SingletonIsPersistant&gt;d__10</FullName>
          <Methods>
            <Method visited="true" cyclomaticComplexity="0" nPathComplexity="0" sequenceCoverage="100.0" branchCoverage="0" crapScore="0" isConstructor="false" isStatic="false" isGetter="false" isSetter="false">
              <Summary numSequencePoints="5" visitedSequencePoints="5" numBranchPoints="0" visitedBranchPoints="0" sequenceCoverage="100.0" branchCoverage="0" maxCyclomaticComplexity="0" minCyclomaticComplexity="0" maxCrapScore="0" minCrapScore="0" visitedClasses="0" numClasses="0" visitedMethods="1" numMethods="1" />
              <MetadataToken>100663353</MetadataToken>
              <Name>System.Boolean App.LogicAppShared.Tests.UnitTests/&lt;SingletonIsPersistant&gt;d__10::MoveNext()</Name>
              <FileRef uid="3" />
              <SequencePoints>
                <SequencePoint vc="1" uspid="879" ordinal="0" offset="31" sl="170" sc="9" el="170" ec="9" bec="0" bev="0" fileid="3" />
                <SequencePoint vc="1" uspid="880" ordinal="0" offset="32" sl="171" sc="13" el="171" ec="13" bec="0" bev="0" fileid="3" />
                <SequencePoint vc="1" uspid="881" ordinal="0" offset="43" sl="172" sc="13" el="172" ec="13" bec="0" bev="0" fileid="3" />
                <SequencePoint vc="1" uspid="882" ordinal="0" offset="59" sl="173" sc="13" el="173" ec="13" bec="0" bev="0" fileid="3" />
                <SequencePoint vc="1" uspid="883" ordinal="0" offset="82" sl="174" sc="9" el="174" ec="9" bec="0" bev="0" fileid="3" />
              </SequencePoints>
              <BranchPoints />
            </Method>
          </Methods>
        </Class>
        <Class>
          <Summary numSequencePoints="5" visitedSequencePoints="5" numBranchPoints="0" visitedBranchPoints="0" sequenceCoverage="100.0" branchCoverage="0.0" maxCyclomaticComplexity="0" minCyclomaticComplexity="0" maxCrapScore="0" minCrapScore="0" visitedClasses="1" numClasses="1" visitedMethods="1" numMethods="1" />
          <FullName>App.LogicAppShared.Tests.UnitTests/&lt;SingletonResourceFromEmpty&gt;d__11</FullName>
          <Methods>
            <Method visited="true" cyclomaticComplexity="0" nPathComplexity="0" sequenceCoverage="100.0" branchCoverage="0" crapScore="0" isConstructor="false" isStatic="false" isGetter="false" isSetter="false">
              <Summary numSequencePoints="5" visitedSequencePoints="5" numBranchPoints="0" visitedBranchPoints="0" sequenceCoverage="100.0" branchCoverage="0" maxCyclomaticComplexity="0" minCyclomaticComplexity="0" maxCrapScore="0" minCrapScore="0" visitedClasses="0" numClasses="0" visitedMethods="1" numMethods="1" />
              <MetadataToken>100663359</MetadataToken>
              <Name>System.Boolean App.LogicAppShared.Tests.UnitTests/&lt;SingletonResourceFromEmpty&gt;d__11::MoveNext()</Name>
              <FileRef uid="3" />
              <SequencePoints>
                <SequencePoint vc="1" uspid="884" ordinal="0" offset="31" sl="178" sc="9" el="178" ec="9" bec="0" bev="0" fileid="3" />
                <SequencePoint vc="1" uspid="885" ordinal="0" offset="32" sl="179" sc="13" el="179" ec="13" bec="0" bev="0" fileid="3" />
                <SequencePoint vc="1" uspid="886" ordinal="0" offset="43" sl="180" sc="13" el="180" ec="13" bec="0" bev="0" fileid="3" />
                <SequencePoint vc="1" uspid="887" ordinal="0" offset="59" sl="181" sc="13" el="181" ec="13" bec="0" bev="0" fileid="3" />
                <SequencePoint vc="1" uspid="888" ordinal="0" offset="82" sl="182" sc="9" el="182" ec="9" bec="0" bev="0" fileid="3" />
              </SequencePoints>
              <BranchPoints />
            </Method>
          </Methods>
        </Class>
        <Class>
          <Summary numSequencePoints="6" visitedSequencePoints="6" numBranchPoints="0" visitedBranchPoints="0" sequenceCoverage="100.0" branchCoverage="0.0" maxCyclomaticComplexity="0" minCyclomaticComplexity="0" maxCrapScore="0" minCrapScore="0" visitedClasses="1" numClasses="1" visitedMethods="1" numMethods="1" />
          <FullName>App.LogicAppShared.Tests.UnitTests/&lt;SingletonResourceFromFake&gt;d__12</FullName>
          <Methods>
            <Method visited="true" cyclomaticComplexity="0" nPathComplexity="0" sequenceCoverage="100.0" branchCoverage="0" crapScore="0" isConstructor="false" isStatic="false" isGetter="false" isSetter="false">
              <Summary numSequencePoints="6" visitedSequencePoints="6" numBranchPoints="0" visitedBranchPoints="0" sequenceCoverage="100.0" branchCoverage="0" maxCyclomaticComplexity="0" minCyclomaticComplexity="0" maxCrapScore="0" minCrapScore="0" visitedClasses="0" numClasses="0" visitedMethods="1" numMethods="1" />
              <MetadataToken>100663365</MetadataToken>
              <Name>System.Boolean App.LogicAppShared.Tests.UnitTests/&lt;SingletonResourceFromFake&gt;d__12::MoveNext()</Name>
              <FileRef uid="3" />
              <SequencePoints>
                <SequencePoint vc="1" uspid="889" ordinal="0" offset="31" sl="186" sc="9" el="186" ec="9" bec="0" bev="0" fileid="3" />
                <SequencePoint vc="1" uspid="890" ordinal="0" offset="32" sl="187" sc="13" el="187" ec="13" bec="0" bev="0" fileid="3" />
                <SequencePoint vc="1" uspid="891" ordinal="0" offset="43" sl="188" sc="13" el="188" ec="13" bec="0" bev="0" fileid="3" />
                <SequencePoint vc="1" uspid="892" ordinal="0" offset="60" sl="189" sc="13" el="189" ec="13" bec="0" bev="0" fileid="3" />
                <SequencePoint vc="1" uspid="893" ordinal="0" offset="76" sl="190" sc="13" el="190" ec="13" bec="0" bev="0" fileid="3" />
                <SequencePoint vc="1" uspid="894" ordinal="0" offset="99" sl="191" sc="9" el="191" ec="9" bec="0" bev="0" fileid="3" />
              </SequencePoints>
              <BranchPoints />
            </Method>
          </Methods>
        </Class>
        <Class>
          <Summary numSequencePoints="8" visitedSequencePoints="8" numBranchPoints="0" visitedBranchPoints="0" sequenceCoverage="100.0" branchCoverage="0.0" maxCyclomaticComplexity="0" minCyclomaticComplexity="0" maxCrapScore="0" minCrapScore="0" visitedClasses="1" numClasses="1" visitedMethods="1" numMethods="1" />
          <FullName>App.LogicAppShared.Tests.UnitTests/&lt;SingletonResourceFromReal&gt;d__13</FullName>
          <Methods>
            <Method visited="true" cyclomaticComplexity="0" nPathComplexity="0" sequenceCoverage="100.0" branchCoverage="0" crapScore="0" isConstructor="false" isStatic="false" isGetter="false" isSetter="false">
              <Summary numSequencePoints="8" visitedSequencePoints="8" numBranchPoints="0" visitedBranchPoints="0" sequenceCoverage="100.0" branchCoverage="0" maxCyclomaticComplexity="0" minCyclomaticComplexity="0" maxCrapScore="0" minCrapScore="0" visitedClasses="0" numClasses="0" visitedMethods="1" numMethods="1" />
              <MetadataToken>100663371</MetadataToken>
              <Name>System.Boolean App.LogicAppShared.Tests.UnitTests/&lt;SingletonResourceFromReal&gt;d__13::MoveNext()</Name>
              <FileRef uid="3" />
              <SequencePoints>
                <SequencePoint vc="1" uspid="895" ordinal="0" offset="31" sl="195" sc="9" el="195" ec="9" bec="0" bev="0" fileid="3" />
                <SequencePoint vc="1" uspid="896" ordinal="0" offset="32" sl="196" sc="13" el="196" ec="13" bec="0" bev="0" fileid="3" />
                <SequencePoint vc="1" uspid="897" ordinal="0" offset="53" sl="197" sc="13" el="197" ec="13" bec="0" bev="0" fileid="3" />
                <SequencePoint vc="1" uspid="898" ordinal="0" offset="65" sl="198" sc="13" el="198" ec="13" bec="0" bev="0" fileid="3" />
                <SequencePoint vc="1" uspid="899" ordinal="0" offset="76" sl="199" sc="13" el="199" ec="13" bec="0" bev="0" fileid="3" />
                <SequencePoint vc="1" uspid="900" ordinal="0" offset="82" sl="200" sc="13" el="200" ec="13" bec="0" bev="0" fileid="3" />
                <SequencePoint vc="1" uspid="901" ordinal="0" offset="98" sl="201" sc="13" el="201" ec="13" bec="0" bev="0" fileid="3" />
                <SequencePoint vc="1" uspid="902" ordinal="0" offset="121" sl="202" sc="9" el="202" ec="9" bec="0" bev="0" fileid="3" />
              </SequencePoints>
              <BranchPoints />
            </Method>
          </Methods>
        </Class>
        <Class>
          <Summary numSequencePoints="3" visitedSequencePoints="3" numBranchPoints="0" visitedBranchPoints="0" sequenceCoverage="100.0" branchCoverage="0.0" maxCyclomaticComplexity="0" minCyclomaticComplexity="0" maxCrapScore="0" minCrapScore="0" visitedClasses="1" numClasses="1" visitedMethods="1" numMethods="1" />
          <FullName>App.LogicAppShared.Tests.UnitTests/&lt;&gt;c</FullName>
          <Methods>
            <Method visited="true" cyclomaticComplexity="0" nPathComplexity="0" sequenceCoverage="100.0" branchCoverage="0" crapScore="0" isConstructor="false" isStatic="false" isGetter="false" isSetter="false">
              <Summary numSequencePoints="3" visitedSequencePoints="3" numBranchPoints="0" visitedBranchPoints="0" sequenceCoverage="100.0" branchCoverage="0" maxCyclomaticComplexity="0" minCyclomaticComplexity="0" maxCrapScore="0" minCrapScore="0" visitedClasses="0" numClasses="0" visitedMethods="1" numMethods="1" />
              <MetadataToken>100663377</MetadataToken>
              <Name>System.Int32 App.LogicAppShared.Tests.UnitTests/&lt;&gt;c::&lt;LazyList&gt;b__15_0()</Name>
              <FileRef uid="3" />
              <SequencePoints>
                <SequencePoint vc="1" uspid="903" ordinal="0" offset="0" sl="228" sc="13" el="228" ec="13" bec="0" bev="0" fileid="3" />
                <SequencePoint vc="1" uspid="904" ordinal="0" offset="1" sl="229" sc="17" el="229" ec="17" bec="0" bev="0" fileid="3" />
                <SequencePoint vc="1" uspid="905" ordinal="0" offset="5" sl="230" sc="13" el="230" ec="13" bec="0" bev="0" fileid="3" />
              </SequencePoints>
              <BranchPoints />
            </Method>
          </Methods>
        </Class>
        <Class>
          <Summary numSequencePoints="1" visitedSequencePoints="0" numBranchPoints="0" visitedBranchPoints="0" sequenceCoverage="0.0" branchCoverage="0.0" maxCyclomaticComplexity="0" minCyclomaticComplexity="0" maxCrapScore="0" minCrapScore="0" visitedClasses="0" numClasses="1" visitedMethods="0" numMethods="1" />
          <FullName>App.LogicAppShared.Tests.UnitTests/SampleBuilder/&lt;&gt;c</FullName>
          <Methods>
            <Method visited="false" cyclomaticComplexity="0" nPathComplexity="0" sequenceCoverage="0.0" branchCoverage="0" crapScore="0" isConstructor="false" isStatic="false" isGetter="false" isSetter="false">
              <Summary numSequencePoints="1" visitedSequencePoints="0" numBranchPoints="0" visitedBranchPoints="0" sequenceCoverage="0.0" branchCoverage="0" maxCyclomaticComplexity="0" minCyclomaticComplexity="0" maxCrapScore="0" minCrapScore="0" visitedClasses="0" numClasses="0" visitedMethods="0" numMethods="1" />
              <MetadataToken>100663380</MetadataToken>
              <Name>App.LogicAppShared.Runtime.Scripts.CommonPatterns.IResult App.LogicAppShared.Tests.UnitTests/SampleBuilder/&lt;&gt;c::&lt;Build&gt;b__1_0()</Name>
              <FileRef uid="3" />
              <SequencePoints>
                <SequencePoint vc="0" uspid="906" ordinal="0" offset="0" sl="50" sc="0" el="50" ec="0" bec="0" bev="0" fileid="3" />
              </SequencePoints>
              <BranchPoints />
            </Method>
          </Methods>
        </Class>
        <Class>
          <Summary numSequencePoints="3" visitedSequencePoints="3" numBranchPoints="0" visitedBranchPoints="0" sequenceCoverage="100.0" branchCoverage="0.0" maxCyclomaticComplexity="0" minCyclomaticComplexity="0" maxCrapScore="0" minCrapScore="0" visitedClasses="1" numClasses="1" visitedMethods="1" numMethods="1" />
          <FullName>App.LogicAppShared.Tests.UnitTests/LazyValueIterator/&lt;&gt;c__DisplayClass2_0</FullName>
          <Methods>
            <Method visited="true" cyclomaticComplexity="0" nPathComplexity="0" sequenceCoverage="100.0" branchCoverage="0" crapScore="0" isConstructor="false" isStatic="false" isGetter="false" isSetter="false">
              <Summary numSequencePoints="3" visitedSequencePoints="3" numBranchPoints="0" visitedBranchPoints="0" sequenceCoverage="100.0" branchCoverage="0" maxCyclomaticComplexity="0" minCyclomaticComplexity="0" maxCrapScore="0" minCrapScore="0" visitedClasses="0" numClasses="0" visitedMethods="1" numMethods="1" />
              <MetadataToken>100663382</MetadataToken>
              <Name>System.Int32 App.LogicAppShared.Tests.UnitTests/LazyValueIterator/&lt;&gt;c__DisplayClass2_0::&lt;GenerateNextValue&gt;b__0()</Name>
              <FileRef uid="3" />
              <SequencePoints>
                <SequencePoint vc="5" uspid="907" ordinal="0" offset="0" sl="215" sc="17" el="215" ec="17" bec="0" bev="0" fileid="3" />
                <SequencePoint vc="5" uspid="908" ordinal="0" offset="1" sl="216" sc="21" el="216" ec="21" bec="0" bev="0" fileid="3" />
                <SequencePoint vc="5" uspid="909" ordinal="0" offset="43" sl="217" sc="17" el="217" ec="17" bec="0" bev="0" fileid="3" />
              </SequencePoints>
              <BranchPoints />
            </Method>
          </Methods>
        </Class>
      </Classes>
    </Module>
    <Module>
      <Summary numSequencePoints="130" visitedSequencePoints="84" numBranchPoints="0" visitedBranchPoints="0" sequenceCoverage="64.62" branchCoverage="0.0" maxCyclomaticComplexity="0" minCyclomaticComplexity="0" maxCrapScore="0" minCrapScore="0" visitedClasses="6" numClasses="9" visitedMethods="12" numMethods="25" />
      <ModuleTime>0001-01-01T00:00:00</ModuleTime>
      <ModuleName>App.LogicAppShared</ModuleName>
      <Files>
        <File uid="4" fullPath="C:/Users/studentutu/Documents/Unity3DCleanArchitecture/app-ca/Assets/App/LogicAppShared/Runtime/Scripts/CommonPatterns/IVisitor.cs" />
        <File uid="5" fullPath="C:/Users/studentutu/Documents/Unity3DCleanArchitecture/app-ca/Assets/App/LogicAppShared/Runtime/Scripts/CommonPatterns/LazyItem.cs" />
        <File uid="6" fullPath="C:/Users/studentutu/Documents/Unity3DCleanArchitecture/app-ca/Assets/App/LogicAppShared/Runtime/Scripts/CommonPatterns/NULLobject.cs" />
        <File uid="7" fullPath="C:/Users/studentutu/Documents/Unity3DCleanArchitecture/app-ca/Assets/App/LogicAppShared/Runtime/Scripts/CommonPatterns/Singleton.cs" />
      </Files>
      <Classes>
        <Class>
          <Summary numSequencePoints="3" visitedSequencePoints="0" numBranchPoints="0" visitedBranchPoints="0" sequenceCoverage="0.0" branchCoverage="0.0" maxCyclomaticComplexity="0" minCyclomaticComplexity="0" maxCrapScore="0" minCrapScore="0" visitedClasses="0" numClasses="1" visitedMethods="0" numMethods="1" />
          <FullName>App.LogicAppShared.Runtime.Scripts.CommonPatterns.ConcreteElementToVisit</FullName>
          <Methods>
            <Method visited="false" cyclomaticComplexity="0" nPathComplexity="0" sequenceCoverage="0.0" branchCoverage="0" crapScore="0" isConstructor="false" isStatic="false" isGetter="false" isSetter="false">
              <Summary numSequencePoints="3" visitedSequencePoints="0" numBranchPoints="0" visitedBranchPoints="0" sequenceCoverage="0.0" branchCoverage="0" maxCyclomaticComplexity="0" minCyclomaticComplexity="0" maxCrapScore="0" minCrapScore="0" visitedClasses="0" numClasses="0" visitedMethods="0" numMethods="1" />
              <MetadataToken>100663316</MetadataToken>
              <Name>System.Void App.LogicAppShared.Runtime.Scripts.CommonPatterns.ConcreteElementToVisit::Accept(App.LogicAppShared.Runtime.Scripts.CommonPatterns.IVisitor)</Name>
              <FileRef uid="4" />
              <SequencePoints>
                <SequencePoint vc="0" uspid="910" ordinal="0" offset="0" sl="16" sc="0" el="16" ec="0" bec="0" bev="0" fileid="4" />
                <SequencePoint vc="0" uspid="911" ordinal="0" offset="1" sl="17" sc="0" el="17" ec="0" bec="0" bev="0" fileid="4" />
                <SequencePoint vc="0" uspid="912" ordinal="0" offset="9" sl="18" sc="0" el="18" ec="0" bec="0" bev="0" fileid="4" />
              </SequencePoints>
              <BranchPoints />
            </Method>
          </Methods>
        </Class>
        <Class>
          <Summary numSequencePoints="2" visitedSequencePoints="0" numBranchPoints="0" visitedBranchPoints="0" sequenceCoverage="0.0" branchCoverage="0.0" maxCyclomaticComplexity="0" minCyclomaticComplexity="0" maxCrapScore="0" minCrapScore="0" visitedClasses="0" numClasses="1" visitedMethods="0" numMethods="1" />
          <FullName>App.LogicAppShared.Runtime.Scripts.CommonPatterns.IVisitorExtension</FullName>
          <Methods>
            <Method visited="false" cyclomaticComplexity="0" nPathComplexity="0" sequenceCoverage="0.0" branchCoverage="0" crapScore="0" isConstructor="false" isStatic="true" isGetter="false" isSetter="false">
              <Summary numSequencePoints="2" visitedSequencePoints="0" numBranchPoints="0" visitedBranchPoints="0" sequenceCoverage="0.0" branchCoverage="0" maxCyclomaticComplexity="0" minCyclomaticComplexity="0" maxCrapScore="0" minCrapScore="0" visitedClasses="0" numClasses="0" visitedMethods="0" numMethods="1" />
              <MetadataToken>100663318</MetadataToken>
              <Name>static System.Void App.LogicAppShared.Runtime.Scripts.CommonPatterns.IVisitorExtension::Visit(App.LogicAppShared.Runtime.Scripts.CommonPatterns.IVisitor, App.LogicAppShared.Runtime.Scripts.CommonPatterns.ConcreteElementToVisit)</Name>
              <FileRef uid="4" />
              <SequencePoints>
                <SequencePoint vc="0" uspid="913" ordinal="0" offset="0" sl="24" sc="0" el="24" ec="0" bec="0" bev="0" fileid="4" />
                <SequencePoint vc="0" uspid="914" ordinal="0" offset="1" sl="26" sc="0" el="26" ec="0" bec="0" bev="0" fileid="4" />
              </SequencePoints>
              <BranchPoints />
            </Method>
          </Methods>
        </Class>
        <Class>
          <Summary numSequencePoints="6" visitedSequencePoints="3" numBranchPoints="0" visitedBranchPoints="0" sequenceCoverage="50.00" branchCoverage="0.0" maxCyclomaticComplexity="0" minCyclomaticComplexity="0" maxCrapScore="0" minCrapScore="0" visitedClasses="1" numClasses="1" visitedMethods="1" numMethods="2" />
          <FullName>App.LogicAppShared.Runtime.Scripts.CommonPatterns.LazyItem[T]</FullName>
          <Methods>
            <Method visited="false" cyclomaticComplexity="0" nPathComplexity="0" sequenceCoverage="0.0" branchCoverage="0" crapScore="0" isConstructor="false" isStatic="false" isGetter="false" isSetter="false">
              <Summary numSequencePoints="3" visitedSequencePoints="0" numBranchPoints="0" visitedBranchPoints="0" sequenceCoverage="0.0" branchCoverage="0" maxCyclomaticComplexity="0" minCyclomaticComplexity="0" maxCrapScore="0" minCrapScore="0" visitedClasses="0" numClasses="0" visitedMethods="0" numMethods="1" />
              <MetadataToken>100663322</MetadataToken>
              <Name>System.Collections.IEnumerator App.LogicAppShared.Runtime.Scripts.CommonPatterns.LazyItem[T].System.Collections.IEnumerable::GetEnumerator()</Name>
              <FileRef uid="5" />
              <SequencePoints>
                <SequencePoint vc="0" uspid="915" ordinal="0" offset="0" sl="26" sc="0" el="26" ec="0" bec="0" bev="0" fileid="5" />
                <SequencePoint vc="0" uspid="916" ordinal="0" offset="1" sl="27" sc="0" el="27" ec="0" bec="0" bev="0" fileid="5" />
                <SequencePoint vc="0" uspid="917" ordinal="0" offset="10" sl="28" sc="0" el="28" ec="0" bec="0" bev="0" fileid="5" />
              </SequencePoints>
              <BranchPoints />
            </Method>
            <Method visited="true" cyclomaticComplexity="0" nPathComplexity="0" sequenceCoverage="100.0" branchCoverage="0" crapScore="0" isConstructor="true" isStatic="false" isGetter="false" isSetter="false">
              <Summary numSequencePoints="3" visitedSequencePoints="3" numBranchPoints="0" visitedBranchPoints="0" sequenceCoverage="100.0" branchCoverage="0" maxCyclomaticComplexity="0" minCyclomaticComplexity="0" maxCrapScore="0" minCrapScore="0" visitedClasses="0" numClasses="0" visitedMethods="1" numMethods="1" />
              <MetadataToken>100663319</MetadataToken>
              <Name>App.LogicAppShared.Runtime.Scripts.CommonPatterns.LazyItem[T]::LazyItem(System.Func[T])</Name>
              <FileRef uid="5" />
              <SequencePoints>
                <SequencePoint vc="6" uspid="918" ordinal="0" offset="0" sl="9" sc="0" el="9" ec="0" bec="0" bev="0" fileid="5" />
                <SequencePoint vc="6" uspid="919" ordinal="0" offset="8" sl="10" sc="0" el="10" ec="0" bec="0" bev="0" fileid="5" />
                <SequencePoint vc="6" uspid="920" ordinal="0" offset="9" sl="11" sc="0" el="11" ec="0" bec="0" bev="0" fileid="5" />
              </SequencePoints>
              <BranchPoints />
            </Method>
          </Methods>
        </Class>
        <Class>
          <Summary numSequencePoints="3" visitedSequencePoints="3" numBranchPoints="0" visitedBranchPoints="0" sequenceCoverage="100.0" branchCoverage="0.0" maxCyclomaticComplexity="0" minCyclomaticComplexity="0" maxCrapScore="0" minCrapScore="0" visitedClasses="1" numClasses="1" visitedMethods="1" numMethods="1" />
          <FullName>App.LogicAppShared.Runtime.Scripts.CommonPatterns.TrueNullCheck</FullName>
          <Methods>
            <Method visited="true" cyclomaticComplexity="0" nPathComplexity="0" sequenceCoverage="100.0" branchCoverage="0" crapScore="0" isConstructor="false" isStatic="true" isGetter="false" isSetter="false">
              <Summary numSequencePoints="3" visitedSequencePoints="3" numBranchPoints="0" visitedBranchPoints="0" sequenceCoverage="100.0" branchCoverage="0" maxCyclomaticComplexity="0" minCyclomaticComplexity="0" maxCrapScore="0" minCrapScore="0" visitedClasses="0" numClasses="0" visitedMethods="1" numMethods="1" />
              <MetadataToken>100663323</MetadataToken>
              <Name>static System.Boolean App.LogicAppShared.Runtime.Scripts.CommonPatterns.TrueNullCheck::IsNull(UnityEngine.Object)</Name>
              <FileRef uid="6" />
              <SequencePoints>
                <SequencePoint vc="2" uspid="921" ordinal="0" offset="0" sl="6" sc="9" el="6" ec="9" bec="0" bev="0" fileid="6" />
                <SequencePoint vc="2" uspid="922" ordinal="0" offset="1" sl="7" sc="13" el="7" ec="13" bec="0" bev="0" fileid="6" />
                <SequencePoint vc="2" uspid="923" ordinal="0" offset="11" sl="8" sc="9" el="8" ec="9" bec="0" bev="0" fileid="6" />
              </SequencePoints>
              <BranchPoints />
            </Method>
          </Methods>
        </Class>
        <Class>
          <Summary numSequencePoints="6" visitedSequencePoints="3" numBranchPoints="0" visitedBranchPoints="0" sequenceCoverage="50.00" branchCoverage="0.0" maxCyclomaticComplexity="0" minCyclomaticComplexity="0" maxCrapScore="0" minCrapScore="0" visitedClasses="1" numClasses="1" visitedMethods="1" numMethods="2" />
          <FullName>App.LogicAppShared.Runtime.Scripts.CommonPatterns.NULLObject</FullName>
          <Methods>
            <Method visited="false" cyclomaticComplexity="0" nPathComplexity="0" sequenceCoverage="0.0" branchCoverage="0" crapScore="0" isConstructor="false" isStatic="false" isGetter="false" isSetter="false">
              <Summary numSequencePoints="3" visitedSequencePoints="0" numBranchPoints="0" visitedBranchPoints="0" sequenceCoverage="0.0" branchCoverage="0" maxCyclomaticComplexity="0" minCyclomaticComplexity="0" maxCrapScore="0" minCrapScore="0" visitedClasses="0" numClasses="0" visitedMethods="0" numMethods="1" />
              <MetadataToken>100663325</MetadataToken>
              <Name>App.LogicAppShared.Runtime.Scripts.CommonPatterns.IPrototype App.LogicAppShared.Runtime.Scripts.CommonPatterns.NULLObject::Clone()</Name>
              <FileRef uid="6" />
              <SequencePoints>
                <SequencePoint vc="0" uspid="924" ordinal="0" offset="0" sl="18" sc="0" el="18" ec="0" bec="0" bev="0" fileid="6" />
                <SequencePoint vc="0" uspid="925" ordinal="0" offset="1" sl="19" sc="0" el="19" ec="0" bec="0" bev="0" fileid="6" />
                <SequencePoint vc="0" uspid="926" ordinal="0" offset="9" sl="20" sc="0" el="20" ec="0" bec="0" bev="0" fileid="6" />
              </SequencePoints>
              <BranchPoints />
            </Method>
            <Method visited="true" cyclomaticComplexity="0" nPathComplexity="0" sequenceCoverage="100.0" branchCoverage="0" crapScore="0" isConstructor="true" isStatic="false" isGetter="false" isSetter="false">
              <Summary numSequencePoints="3" visitedSequencePoints="3" numBranchPoints="0" visitedBranchPoints="0" sequenceCoverage="100.0" branchCoverage="0" maxCyclomaticComplexity="0" minCyclomaticComplexity="0" maxCrapScore="0" minCrapScore="0" visitedClasses="0" numClasses="0" visitedMethods="1" numMethods="1" />
              <MetadataToken>100663324</MetadataToken>
              <Name>App.LogicAppShared.Runtime.Scripts.CommonPatterns.NULLObject::NULLObject()</Name>
              <FileRef uid="6" />
              <SequencePoints>
                <SequencePoint vc="2" uspid="927" ordinal="0" offset="0" sl="13" sc="9" el="13" ec="9" bec="0" bev="0" fileid="6" />
                <SequencePoint vc="2" uspid="928" ordinal="0" offset="7" sl="14" sc="9" el="14" ec="9" bec="0" bev="0" fileid="6" />
                <SequencePoint vc="2" uspid="929" ordinal="0" offset="8" sl="15" sc="9" el="15" ec="9" bec="0" bev="0" fileid="6" />
              </SequencePoints>
              <BranchPoints />
            </Method>
          </Methods>
        </Class>
        <Class>
          <Summary numSequencePoints="90" visitedSequencePoints="62" numBranchPoints="0" visitedBranchPoints="0" sequenceCoverage="68.89" branchCoverage="0.0" maxCyclomaticComplexity="0" minCyclomaticComplexity="0" maxCrapScore="0" minCrapScore="0" visitedClasses="1" numClasses="1" visitedMethods="6" numMethods="13" />
          <FullName>App.LogicAppShared.Runtime.Scripts.CommonPatterns.Singleton[T]</FullName>
          <Methods>
            <Method visited="true" cyclomaticComplexity="0" nPathComplexity="0" sequenceCoverage="100.0" branchCoverage="0" crapScore="0" isConstructor="false" isStatic="true" isGetter="true" isSetter="false">
              <Summary numSequencePoints="39" visitedSequencePoints="39" numBranchPoints="0" visitedBranchPoints="0" sequenceCoverage="100.0" branchCoverage="0" maxCyclomaticComplexity="0" minCyclomaticComplexity="0" maxCrapScore="0" minCrapScore="0" visitedClasses="0" numClasses="0" visitedMethods="1" numMethods="1" />
              <MetadataToken>100663326</MetadataToken>
              <Name>static T App.LogicAppShared.Runtime.Scripts.CommonPatterns.Singleton[T]::get_Instance()</Name>
              <FileRef uid="7" />
              <SequencePoints>
                <SequencePoint vc="16" uspid="930" ordinal="0" offset="0" sl="18" sc="0" el="18" ec="0" bec="0" bev="0" fileid="7" />
                <SequencePoint vc="16" uspid="931" ordinal="0" offset="1" sl="19" sc="0" el="19" ec="0" bec="0" bev="0" fileid="7" />
                <SequencePoint vc="8" uspid="932" ordinal="0" offset="24" sl="20" sc="0" el="20" ec="0" bec="0" bev="0" fileid="7" />
                <SequencePoint vc="8" uspid="933" ordinal="0" offset="25" sl="21" sc="0" el="21" ec="0" bec="0" bev="0" fileid="7" />
                <SequencePoint vc="8" uspid="934" ordinal="0" offset="35" sl="22" sc="0" el="22" ec="0" bec="0" bev="0" fileid="7" />
                <SequencePoint vc="7" uspid="935" ordinal="0" offset="71" sl="23" sc="0" el="23" ec="0" bec="0" bev="0" fileid="7" />
                <SequencePoint vc="7" uspid="936" ordinal="0" offset="72" sl="24" sc="0" el="24" ec="0" bec="0" bev="0" fileid="7" />
                <SequencePoint vc="7" uspid="937" ordinal="0" offset="113" sl="26" sc="0" el="26" ec="0" bec="0" bev="0" fileid="7" />
                <SequencePoint vc="3" uspid="938" ordinal="0" offset="131" sl="27" sc="0" el="27" ec="0" bec="0" bev="0" fileid="7" />
                <SequencePoint vc="3" uspid="939" ordinal="0" offset="132" sl="28" sc="0" el="28" ec="0" bec="0" bev="0" fileid="7" />
                <SequencePoint vc="3" uspid="940" ordinal="0" offset="150" sl="29" sc="0" el="29" ec="0" bec="0" bev="0" fileid="7" />
                <SequencePoint vc="2" uspid="941" ordinal="0" offset="167" sl="30" sc="0" el="30" ec="0" bec="0" bev="0" fileid="7" />
                <SequencePoint vc="2" uspid="942" ordinal="0" offset="168" sl="31" sc="0" el="31" ec="0" bec="0" bev="0" fileid="7" />
                <SequencePoint vc="2" uspid="943" ordinal="0" offset="185" sl="32" sc="0" el="32" ec="0" bec="0" bev="0" fileid="7" />
                <SequencePoint vc="2" uspid="944" ordinal="0" offset="195" sl="33" sc="0" el="33" ec="0" bec="0" bev="0" fileid="7" />
                <SequencePoint vc="2" uspid="945" ordinal="0" offset="210" sl="34" sc="0" el="34" ec="0" bec="0" bev="0" fileid="7" />
                <SequencePoint vc="2" uspid="946" ordinal="0" offset="223" sl="35" sc="0" el="35" ec="0" bec="0" bev="0" fileid="7" />
                <SequencePoint vc="2" uspid="947" ordinal="0" offset="241" sl="36" sc="0" el="36" ec="0" bec="0" bev="0" fileid="7" />
                <SequencePoint vc="2" uspid="948" ordinal="0" offset="242" sl="37" sc="0" el="37" ec="0" bec="0" bev="0" fileid="7" />
                <SequencePoint vc="2" uspid="949" ordinal="0" offset="250" sl="38" sc="0" el="38" ec="0" bec="0" bev="0" fileid="7" />
                <SequencePoint vc="2" uspid="950" ordinal="0" offset="251" sl="40" sc="0" el="40" ec="0" bec="0" bev="0" fileid="7" />
                <SequencePoint vc="1" uspid="951" ordinal="0" offset="269" sl="41" sc="0" el="41" ec="0" bec="0" bev="0" fileid="7" />
                <SequencePoint vc="1" uspid="952" ordinal="0" offset="270" sl="42" sc="0" el="42" ec="0" bec="0" bev="0" fileid="7" />
                <SequencePoint vc="1" uspid="953" ordinal="0" offset="311" sl="44" sc="0" el="44" ec="0" bec="0" bev="0" fileid="7" />
                <SequencePoint vc="1" uspid="954" ordinal="0" offset="338" sl="45" sc="0" el="45" ec="0" bec="0" bev="0" fileid="7" />
                <SequencePoint vc="2" uspid="955" ordinal="0" offset="339" sl="46" sc="0" el="46" ec="0" bec="0" bev="0" fileid="7" />
                <SequencePoint vc="1" uspid="956" ordinal="0" offset="342" sl="48" sc="0" el="48" ec="0" bec="0" bev="0" fileid="7" />
                <SequencePoint vc="1" uspid="957" ordinal="0" offset="343" sl="49" sc="0" el="49" ec="0" bec="0" bev="0" fileid="7" />
                <SequencePoint vc="1" uspid="958" ordinal="0" offset="370" sl="50" sc="0" el="50" ec="0" bec="0" bev="0" fileid="7" />
                <SequencePoint vc="3" uspid="959" ordinal="0" offset="371" sl="51" sc="0" el="51" ec="0" bec="0" bev="0" fileid="7" />
                <SequencePoint vc="7" uspid="960" ordinal="0" offset="372" sl="52" sc="0" el="52" ec="0" bec="0" bev="0" fileid="7" />
                <SequencePoint vc="7" uspid="961" ordinal="0" offset="378" sl="53" sc="0" el="53" ec="0" bec="0" bev="0" fileid="7" />
                <SequencePoint vc="8" uspid="962" ordinal="0" offset="379" sl="55" sc="0" el="55" ec="0" bec="0" bev="0" fileid="7" />
                <SequencePoint vc="8" uspid="963" ordinal="0" offset="401" sl="56" sc="0" el="56" ec="0" bec="0" bev="0" fileid="7" />
                <SequencePoint vc="8" uspid="964" ordinal="0" offset="402" sl="57" sc="0" el="57" ec="0" bec="0" bev="0" fileid="7" />
                <SequencePoint vc="8" uspid="965" ordinal="0" offset="428" sl="58" sc="0" el="58" ec="0" bec="0" bev="0" fileid="7" />
                <SequencePoint vc="8" uspid="966" ordinal="0" offset="429" sl="59" sc="0" el="59" ec="0" bec="0" bev="0" fileid="7" />
                <SequencePoint vc="16" uspid="967" ordinal="0" offset="430" sl="61" sc="0" el="61" ec="0" bec="0" bev="0" fileid="7" />
                <SequencePoint vc="16" uspid="968" ordinal="0" offset="439" sl="62" sc="0" el="62" ec="0" bec="0" bev="0" fileid="7" />
              </SequencePoints>
              <BranchPoints />
            </Method>
            <Method visited="false" cyclomaticComplexity="0" nPathComplexity="0" sequenceCoverage="0.0" branchCoverage="0" crapScore="0" isConstructor="false" isStatic="false" isGetter="true" isSetter="false">
              <Summary numSequencePoints="1" visitedSequencePoints="0" numBranchPoints="0" visitedBranchPoints="0" sequenceCoverage="0.0" branchCoverage="0" maxCyclomaticComplexity="0" minCyclomaticComplexity="0" maxCrapScore="0" minCrapScore="0" visitedClasses="0" numClasses="0" visitedMethods="0" numMethods="1" />
              <MetadataToken>100663327</MetadataToken>
              <Name>System.String App.LogicAppShared.Runtime.Scripts.CommonPatterns.Singleton[T]::get_GetPrefabPath()</Name>
              <FileRef uid="7" />
              <SequencePoints>
                <SequencePoint vc="0" uspid="969" ordinal="0" offset="0" sl="65" sc="0" el="65" ec="0" bec="0" bev="0" fileid="7" />
              </SequencePoints>
              <BranchPoints />
            </Method>
            <Method visited="true" cyclomaticComplexity="0" nPathComplexity="0" sequenceCoverage="100.0" branchCoverage="0" crapScore="0" isConstructor="false" isStatic="false" isGetter="true" isSetter="false">
              <Summary numSequencePoints="3" visitedSequencePoints="3" numBranchPoints="0" visitedBranchPoints="0" sequenceCoverage="100.0" branchCoverage="0" maxCyclomaticComplexity="0" minCyclomaticComplexity="0" maxCrapScore="0" minCrapScore="0" visitedClasses="0" numClasses="0" visitedMethods="1" numMethods="1" />
              <MetadataToken>100663328</MetadataToken>
              <Name>System.Boolean App.LogicAppShared.Runtime.Scripts.CommonPatterns.Singleton[T]::get_IsLoadFromPrefab()</Name>
              <FileRef uid="7" />
              <SequencePoints>
                <SequencePoint vc="4" uspid="970" ordinal="0" offset="0" sl="66" sc="0" el="66" ec="0" bec="0" bev="0" fileid="7" />
                <SequencePoint vc="4" uspid="971" ordinal="0" offset="1" sl="66" sc="0" el="66" ec="0" bec="0" bev="0" fileid="7" />
                <SequencePoint vc="4" uspid="972" ordinal="0" offset="5" sl="66" sc="0" el="66" ec="0" bec="0" bev="0" fileid="7" />
              </SequencePoints>
              <BranchPoints />
            </Method>
            <Method visited="false" cyclomaticComplexity="0" nPathComplexity="0" sequenceCoverage="0.0" branchCoverage="0" crapScore="0" isConstructor="false" isStatic="false" isGetter="true" isSetter="false">
              <Summary numSequencePoints="3" visitedSequencePoints="0" numBranchPoints="0" visitedBranchPoints="0" sequenceCoverage="0.0" branchCoverage="0" maxCyclomaticComplexity="0" minCyclomaticComplexity="0" maxCrapScore="0" minCrapScore="0" visitedClasses="0" numClasses="0" visitedMethods="0" numMethods="1" />
              <MetadataToken>100663329</MetadataToken>
              <Name>System.Boolean App.LogicAppShared.Runtime.Scripts.CommonPatterns.Singleton[T]::get_IsDontDestroy()</Name>
              <FileRef uid="7" />
              <SequencePoints>
                <SequencePoint vc="0" uspid="973" ordinal="0" offset="0" sl="67" sc="0" el="67" ec="0" bec="0" bev="0" fileid="7" />
                <SequencePoint vc="0" uspid="974" ordinal="0" offset="1" sl="67" sc="0" el="67" ec="0" bec="0" bev="0" fileid="7" />
                <SequencePoint vc="0" uspid="975" ordinal="0" offset="5" sl="67" sc="0" el="67" ec="0" bec="0" bev="0" fileid="7" />
              </SequencePoints>
              <BranchPoints />
            </Method>
            <Method visited="true" cyclomaticComplexity="0" nPathComplexity="0" sequenceCoverage="100.0" branchCoverage="0" crapScore="0" isConstructor="false" isStatic="true" isGetter="true" isSetter="false">
[...]
              </SequencePoints>
              <BranchPoints />
            </Method>
            <Method visited="false" cyclomaticComplexity="0" nPathComplexity="0" sequenceCoverage="0.0" branchCoverage="0" crapScore="0" isConstructor="false" isStatic="false" isGetter="false" isSetter="false">
              <Summary numSequencePoints="3" visitedSequencePoints="0" numBranchPoints="0" visitedBranchPoints="0" sequenceCoverage="0.0" branchCoverage="0" maxCyclomaticComplexity="0" minCyclomaticComplexity="0" maxCrapScore="0" minCrapScore="0" visitedClasses="0" numClasses="0" visitedMethods="0" numMethods="1" />
              <MetadataToken>100663332</MetadataToken>
              <Name>System.Void App.LogicAppShared.Runtime.Scripts.CommonPatterns.Singleton[T]::Start()</Name>
              <FileRef uid="7" />
              <SequencePoints>
                <SequencePoint vc="0" uspid="982" ordinal="0" offset="0" sl="76" sc="0" el="76" ec="0" bec="0" bev="0" fileid="7" />
                <SequencePoint vc="0" uspid="983" ordinal="0" offset="1" sl="77" sc="0" el="77" ec="0" bec="0" bev="0" fileid="7" />
                <SequencePoint vc="0" uspid="984" ordinal="0" offset="8" sl="78" sc="0" el="78" ec="0" bec="0" bev="0" fileid="7" />
              </SequencePoints>
              <BranchPoints />
            </Method>
            <Method visited="true" cyclomaticComplexity="0" nPathComplexity="0" sequenceCoverage="100.0" branchCoverage="0" crapScore="0" isConstructor="false" isStatic="false" isGetter="false" isSetter="false">
              <Summary numSequencePoints="7" visitedSequencePoints="7" numBranchPoints="0" visitedBranchPoints="0" sequenceCoverage="100.0" branchCoverage="0" maxCyclomaticComplexity="0" minCyclomaticComplexity="0" maxCrapScore="0" minCrapScore="0" visitedClasses="0" numClasses="0" visitedMethods="1" numMethods="1" />
              <MetadataToken>100663333</MetadataToken>
              <Name>System.Void App.LogicAppShared.Runtime.Scripts.CommonPatterns.Singleton[T]::CheckIsDuplicate()</Name>
              <FileRef uid="7" />
              <SequencePoints>
                <SequencePoint vc="2" uspid="985" ordinal="0" offset="0" sl="81" sc="0" el="81" ec="0" bec="0" bev="0" fileid="7" />
                <SequencePoint vc="2" uspid="986" ordinal="0" offset="1" sl="82" sc="0" el="82" ec="0" bec="0" bev="0" fileid="7" />
                <SequencePoint vc="2" uspid="987" ordinal="0" offset="31" sl="83" sc="0" el="83" ec="0" bec="0" bev="0" fileid="7" />
                <SequencePoint vc="2" uspid="988" ordinal="0" offset="32" sl="84" sc="0" el="84" ec="0" bec="0" bev="0" fileid="7" />
                <SequencePoint vc="2" uspid="989" ordinal="0" offset="43" sl="85" sc="0" el="85" ec="0" bec="0" bev="0" fileid="7" />
                <SequencePoint vc="2" uspid="990" ordinal="0" offset="55" sl="86" sc="0" el="86" ec="0" bec="0" bev="0" fileid="7" />
                <SequencePoint vc="2" uspid="991" ordinal="0" offset="56" sl="87" sc="0" el="87" ec="0" bec="0" bev="0" fileid="7" />
              </SequencePoints>
              <BranchPoints />
            </Method>
            <Method visited="true" cyclomaticComplexity="0" nPathComplexity="0" sequenceCoverage="53.33" branchCoverage="0" crapScore="0" isConstructor="false" isStatic="false" isGetter="false" isSetter="false">
              <Summary numSequencePoints="15" visitedSequencePoints="8" numBranchPoints="0" visitedBranchPoints="0" sequenceCoverage="53.33" branchCoverage="0" maxCyclomaticComplexity="0" minCyclomaticComplexity="0" maxCrapScore="0" minCrapScore="0" visitedClasses="0" numClasses="0" visitedMethods="1" numMethods="1" />
              <MetadataToken>100663334</MetadataToken>
              <Name>System.Void App.LogicAppShared.Runtime.Scripts.CommonPatterns.Singleton[T]::CheckInstance(App.LogicAppShared.Runtime.Scripts.CommonPatterns.Singleton[T])</Name>
              <FileRef uid="7" />
              <SequencePoints>
                <SequencePoint vc="8" uspid="992" ordinal="0" offset="0" sl="92" sc="0" el="92" ec="0" bec="0" bev="0" fileid="7" />
                <SequencePoint vc="8" uspid="993" ordinal="0" offset="1" sl="93" sc="0" el="93" ec="0" bec="0" bev="0" fileid="7" />
                <SequencePoint vc="0" uspid="994" ordinal="0" offset="24" sl="94" sc="0" el="94" ec="0" bec="0" bev="0" fileid="7" />
                <SequencePoint vc="0" uspid="995" ordinal="0" offset="25" sl="95" sc="0" el="95" ec="0" bec="0" bev="0" fileid="7" />
                <SequencePoint vc="0" uspid="996" ordinal="0" offset="32" sl="96" sc="0" el="96" ec="0" bec="0" bev="0" fileid="7" />
                <SequencePoint vc="8" uspid="997" ordinal="0" offset="34" sl="99" sc="0" el="99" ec="0" bec="0" bev="0" fileid="7" />
                <SequencePoint vc="8" uspid="998" ordinal="0" offset="50" sl="100" sc="0" el="100" ec="0" bec="0" bev="0" fileid="7" />
                <SequencePoint vc="8" uspid="999" ordinal="0" offset="66" sl="102" sc="0" el="102" ec="0" bec="0" bev="0" fileid="7" />
                <SequencePoint vc="8" uspid="1000" ordinal="0" offset="78" sl="103" sc="0" el="103" ec="0" bec="0" bev="0" fileid="7" />
                <SequencePoint vc="8" uspid="1001" ordinal="0" offset="79" sl="104" sc="0" el="104" ec="0" bec="0" bev="0" fileid="7" />
                <SequencePoint vc="0" uspid="1002" ordinal="0" offset="81" sl="107" sc="0" el="107" ec="0" bec="0" bev="0" fileid="7" />
                <SequencePoint vc="0" uspid="1003" ordinal="0" offset="100" sl="108" sc="0" el="108" ec="0" bec="0" bev="0" fileid="7" />
                <SequencePoint vc="0" uspid="1004" ordinal="0" offset="101" sl="109" sc="0" el="109" ec="0" bec="0" bev="0" fileid="7" />
                <SequencePoint vc="0" uspid="1005" ordinal="0" offset="132" sl="110" sc="0" el="110" ec="0" bec="0" bev="0" fileid="7" />
                <SequencePoint vc="8" uspid="1006" ordinal="0" offset="133" sl="111" sc="0" el="111" ec="0" bec="0" bev="0" fileid="7" />
              </SequencePoints>
              <BranchPoints />
            </Method>
            <Method visited="true" cyclomaticComplexity="0" nPathComplexity="0" sequenceCoverage="100.0" branchCoverage="0" crapScore="0" isConstructor="false" isStatic="false" isGetter="false" isSetter="false">
              <Summary numSequencePoints="2" visitedSequencePoints="2" numBranchPoints="0" visitedBranchPoints="0" sequenceCoverage="100.0" branchCoverage="0" maxCyclomaticComplexity="0" minCyclomaticComplexity="0" maxCrapScore="0" minCrapScore="0" visitedClasses="0" numClasses="0" visitedMethods="1" numMethods="1" />
              <MetadataToken>100663335</MetadataToken>
              <Name>System.Void App.LogicAppShared.Runtime.Scripts.CommonPatterns.Singleton[T]::InitInstance()</Name>
              <FileRef uid="7" />
              <SequencePoints>
                <SequencePoint vc="8" uspid="1007" ordinal="0" offset="0" sl="114" sc="0" el="114" ec="0" bec="0" bev="0" fileid="7" />
                <SequencePoint vc="8" uspid="1008" ordinal="0" offset="1" sl="115" sc="0" el="115" ec="0" bec="0" bev="0" fileid="7" />
              </SequencePoints>
              <BranchPoints />
            </Method>
            <Method visited="false" cyclomaticComplexity="0" nPathComplexity="0" sequenceCoverage="0.0" branchCoverage="0" crapScore="0" isConstructor="false" isStatic="false" isGetter="false" isSetter="false">
              <Summary numSequencePoints="6" visitedSequencePoints="0" numBranchPoints="0" visitedBranchPoints="0" sequenceCoverage="0.0" branchCoverage="0" maxCyclomaticComplexity="0" minCyclomaticComplexity="0" maxCrapScore="0" minCrapScore="0" visitedClasses="0" numClasses="0" visitedMethods="0" numMethods="1" />
              <MetadataToken>100663336</MetadataToken>
              <Name>System.Void App.LogicAppShared.Runtime.Scripts.CommonPatterns.Singleton[T]::OnDestroy()</Name>
              <FileRef uid="7" />
              <SequencePoints>
                <SequencePoint vc="0" uspid="1009" ordinal="0" offset="0" sl="118" sc="0" el="118" ec="0" bec="0" bev="0" fileid="7" />
                <SequencePoint vc="0" uspid="1010" ordinal="0" offset="1" sl="119" sc="0" el="119" ec="0" bec="0" bev="0" fileid="7" />
                <SequencePoint vc="0" uspid="1011" ordinal="0" offset="21" sl="120" sc="0" el="120" ec="0" bec="0" bev="0" fileid="7" />
                <SequencePoint vc="0" uspid="1012" ordinal="0" offset="22" sl="121" sc="0" el="121" ec="0" bec="0" bev="0" fileid="7" />
                <SequencePoint vc="0" uspid="1013" ordinal="0" offset="33" sl="122" sc="0" el="122" ec="0" bec="0" bev="0" fileid="7" />
                <SequencePoint vc="0" uspid="1014" ordinal="0" offset="34" sl="123" sc="0" el="123" ec="0" bec="0" bev="0" fileid="7" />
              </SequencePoints>
              <BranchPoints />
            </Method>
            <Method visited="false" cyclomaticComplexity="0" nPathComplexity="0" sequenceCoverage="0.0" branchCoverage="0" crapScore="0" isConstructor="false" isStatic="false" isGetter="false" isSetter="false">
              <Summary numSequencePoints="3" visitedSequencePoints="0" numBranchPoints="0" visitedBranchPoints="0" sequenceCoverage="0.0" branchCoverage="0" maxCyclomaticComplexity="0" minCyclomaticComplexity="0" maxCrapScore="0" minCrapScore="0" visitedClasses="0" numClasses="0" visitedMethods="0" numMethods="1" />
              <MetadataToken>100663337</MetadataToken>
              <Name>System.Void App.LogicAppShared.Runtime.Scripts.CommonPatterns.Singleton[T]::OnApplicationQuit()</Name>
              <FileRef uid="7" />
              <SequencePoints>
                <SequencePoint vc="0" uspid="1015" ordinal="0" offset="0" sl="126" sc="0" el="126" ec="0" bec="0" bev="0" fileid="7" />
                <SequencePoint vc="0" uspid="1016" ordinal="0" offset="1" sl="127" sc="0" el="127" ec="0" bec="0" bev="0" fileid="7" />
                <SequencePoint vc="0" uspid="1017" ordinal="0" offset="7" sl="128" sc="0" el="128" ec="0" bec="0" bev="0" fileid="7" />
              </SequencePoints>
              <BranchPoints />
            </Method>
            <Method visited="false" cyclomaticComplexity="0" nPathComplexity="0" sequenceCoverage="0.0" branchCoverage="0" crapScore="0" isConstructor="true" isStatic="true" isGetter="false" isSetter="false">
              <Summary numSequencePoints="2" visitedSequencePoints="0" numBranchPoints="0" visitedBranchPoints="0" sequenceCoverage="0.0" branchCoverage="0" maxCyclomaticComplexity="0" minCyclomaticComplexity="0" maxCrapScore="0" minCrapScore="0" visitedClasses="0" numClasses="0" visitedMethods="0" numMethods="1" />
              <MetadataToken>100663339</MetadataToken>
              <Name>static App.LogicAppShared.Runtime.Scripts.CommonPatterns.Singleton[T]::Singleton()</Name>
              <FileRef uid="7" />
              <SequencePoints>
                <SequencePoint vc="0" uspid="1018" ordinal="0" offset="0" sl="8" sc="0" el="8" ec="0" bec="0" bev="0" fileid="7" />
                <SequencePoint vc="0" uspid="1019" ordinal="0" offset="6" sl="13" sc="0" el="13" ec="0" bec="0" bev="0" fileid="7" />
              </SequencePoints>
              <BranchPoints />
            </Method>
          </Methods>
        </Class>
        <Class>
          <Summary numSequencePoints="3" visitedSequencePoints="0" numBranchPoints="0" visitedBranchPoints="0" sequenceCoverage="0.0" branchCoverage="0.0" maxCyclomaticComplexity="0" minCyclomaticComplexity="0" maxCrapScore="0" minCrapScore="0" visitedClasses="0" numClasses="1" visitedMethods="0" numMethods="1" />
          <FullName>App.LogicAppShared.Runtime.Scripts.CommonPatterns.SingletonPersistent[T]</FullName>
          <Methods>
            <Method visited="false" cyclomaticComplexity="0" nPathComplexity="0" sequenceCoverage="0.0" branchCoverage="0" crapScore="0" isConstructor="false" isStatic="false" isGetter="true" isSetter="false">
              <Summary numSequencePoints="3" visitedSequencePoints="0" numBranchPoints="0" visitedBranchPoints="0" sequenceCoverage="0.0" branchCoverage="0" maxCyclomaticComplexity="0" minCyclomaticComplexity="0" maxCrapScore="0" minCrapScore="0" visitedClasses="0" numClasses="0" visitedMethods="0" numMethods="1" />
              <MetadataToken>100663340</MetadataToken>
              <Name>System.Boolean App.LogicAppShared.Runtime.Scripts.CommonPatterns.SingletonPersistent[T]::get_IsDontDestroy()</Name>
              <FileRef uid="7" />
              <SequencePoints>
                <SequencePoint vc="0" uspid="1020" ordinal="0" offset="0" sl="134" sc="0" el="134" ec="0" bec="0" bev="0" fileid="7" />
                <SequencePoint vc="0" uspid="1021" ordinal="0" offset="1" sl="134" sc="0" el="134" ec="0" bec="0" bev="0" fileid="7" />
                <SequencePoint vc="0" uspid="1022" ordinal="0" offset="5" sl="134" sc="0" el="134" ec="0" bec="0" bev="0" fileid="7" />
              </SequencePoints>
              <BranchPoints />
            </Method>
          </Methods>
        </Class>
        <Class>
          <Summary numSequencePoints="9" visitedSequencePoints="6" numBranchPoints="0" visitedBranchPoints="0" sequenceCoverage="66.67" branchCoverage="0.0" maxCyclomaticComplexity="0" minCyclomaticComplexity="0" maxCrapScore="0" minCrapScore="0" visitedClasses="1" numClasses="1" visitedMethods="2" numMethods="3" />
          <FullName>App.LogicAppShared.Runtime.Scripts.CommonPatterns.SingletonSelfCreator[T]</FullName>
          <Methods>
            <Method visited="true" cyclomaticComplexity="0" nPathComplexity="0" sequenceCoverage="100.0" branchCoverage="0" crapScore="0" isConstructor="false" isStatic="false" isGetter="true" isSetter="false">
              <Summary numSequencePoints="3" visitedSequencePoints="3" numBranchPoints="0" visitedBranchPoints="0" sequenceCoverage="100.0" branchCoverage="0" maxCyclomaticComplexity="0" minCyclomaticComplexity="0" maxCrapScore="0" minCrapScore="0" visitedClasses="0" numClasses="0" visitedMethods="1" numMethods="1" />
              <MetadataToken>100663343</MetadataToken>
              <Name>System.String App.LogicAppShared.Runtime.Scripts.CommonPatterns.SingletonSelfCreator[T]::get_GetPrefabPath()</Name>
              <FileRef uid="7" />
              <SequencePoints>
                <SequencePoint vc="5" uspid="1023" ordinal="0" offset="0" sl="140" sc="0" el="140" ec="0" bec="0" bev="0" fileid="7" />
                <SequencePoint vc="5" uspid="1024" ordinal="0" offset="1" sl="140" sc="0" el="140" ec="0" bec="0" bev="0" fileid="7" />
                <SequencePoint vc="5" uspid="1025" ordinal="0" offset="10" sl="140" sc="0" el="140" ec="0" bec="0" bev="0" fileid="7" />
              </SequencePoints>
              <BranchPoints />
            </Method>
            <Method visited="true" cyclomaticComplexity="0" nPathComplexity="0" sequenceCoverage="100.0" branchCoverage="0" crapScore="0" isConstructor="false" isStatic="false" isGetter="true" isSetter="false">
              <Summary numSequencePoints="3" visitedSequencePoints="3" numBranchPoints="0" visitedBranchPoints="0" sequenceCoverage="100.0" branchCoverage="0" maxCyclomaticComplexity="0" minCyclomaticComplexity="0" maxCrapScore="0" minCrapScore="0" visitedClasses="0" numClasses="0" visitedMethods="1" numMethods="1" />
              <MetadataToken>100663344</MetadataToken>
              <Name>System.Boolean App.LogicAppShared.Runtime.Scripts.CommonPatterns.SingletonSelfCreator[T]::get_IsLoadFromPrefab()</Name>
              <FileRef uid="7" />
              <SequencePoints>
                <SequencePoint vc="3" uspid="1026" ordinal="0" offset="0" sl="141" sc="0" el="141" ec="0" bec="0" bev="0" fileid="7" />
                <SequencePoint vc="3" uspid="1027" ordinal="0" offset="1" sl="141" sc="0" el="141" ec="0" bec="0" bev="0" fileid="7" />
                <SequencePoint vc="3" uspid="1028" ordinal="0" offset="5" sl="141" sc="0" el="141" ec="0" bec="0" bev="0" fileid="7" />
              </SequencePoints>
              <BranchPoints />
            </Method>
            <Method visited="false" cyclomaticComplexity="0" nPathComplexity="0" sequenceCoverage="0.0" branchCoverage="0" crapScore="0" isConstructor="false" isStatic="false" isGetter="true" isSetter="false">
              <Summary numSequencePoints="3" visitedSequencePoints="0" numBranchPoints="0" visitedBranchPoints="0" sequenceCoverage="0.0" branchCoverage="0" maxCyclomaticComplexity="0" minCyclomaticComplexity="0" maxCrapScore="0" minCrapScore="0" visitedClasses="0" numClasses="0" visitedMethods="0" numMethods="1" />
              <MetadataToken>100663345</MetadataToken>
              <Name>System.Boolean App.LogicAppShared.Runtime.Scripts.CommonPatterns.SingletonSelfCreator[T]::get_IsDontDestroy()</Name>
              <FileRef uid="7" />
              <SequencePoints>
                <SequencePoint vc="0" uspid="1029" ordinal="0" offset="0" sl="142" sc="0" el="142" ec="0" bec="0" bev="0" fileid="7" />
                <SequencePoint vc="0" uspid="1030" ordinal="0" offset="1" sl="142" sc="0" el="142" ec="0" bec="0" bev="0" fileid="7" />
                <SequencePoint vc="0" uspid="1031" ordinal="0" offset="5" sl="142" sc="0" el="142" ec="0" bec="0" bev="0" fileid="7" />
              </SequencePoints>
              <BranchPoints />
            </Method>
          </Methods>
        </Class>
        <Class>
          <Summary numSequencePoints="8" visitedSequencePoints="7" numBranchPoints="0" visitedBranchPoints="0" sequenceCoverage="87.50" branchCoverage="0.0" maxCyclomaticComplexity="0" minCyclomaticComplexity="0" maxCrapScore="0" minCrapScore="0" visitedClasses="1" numClasses="1" visitedMethods="1" numMethods="1" />
          <FullName>App.LogicAppShared.Runtime.Scripts.CommonPatterns.LazyItem[T]/&lt;GetEnumerator&gt;d__2</FullName>
          <Methods>
            <Method visited="true" cyclomaticComplexity="0" nPathComplexity="0" sequenceCoverage="87.50" branchCoverage="0" crapScore="0" isConstructor="false" isStatic="false" isGetter="false" isSetter="false">
              <Summary numSequencePoints="8" visitedSequencePoints="7" numBranchPoints="0" visitedBranchPoints="0" sequenceCoverage="87.50" branchCoverage="0" maxCyclomaticComplexity="0" minCyclomaticComplexity="0" maxCrapScore="0" minCrapScore="0" visitedClasses="0" numClasses="0" visitedMethods="1" numMethods="1" />
              <MetadataToken>100663349</MetadataToken>
              <Name>System.Boolean App.LogicAppShared.Runtime.Scripts.CommonPatterns.LazyItem[T]/&lt;GetEnumerator&gt;d__2::MoveNext()</Name>
              <FileRef uid="5" />
              <SequencePoints>
                <SequencePoint vc="1" uspid="1032" ordinal="0" offset="31" sl="16" sc="0" el="16" ec="0" bec="0" bev="0" fileid="5" />
                <SequencePoint vc="1" uspid="1033" ordinal="0" offset="32" sl="17" sc="0" el="17" ec="0" bec="0" bev="0" fileid="5" />
                <SequencePoint vc="6" uspid="1034" ordinal="0" offset="46" sl="19" sc="0" el="19" ec="0" bec="0" bev="0" fileid="5" />
                <SequencePoint vc="6" uspid="1035" ordinal="0" offset="47" sl="20" sc="0" el="20" ec="0" bec="0" bev="0" fileid="5" />
                <SequencePoint vc="5" uspid="1036" ordinal="0" offset="80" sl="21" sc="0" el="21" ec="0" bec="0" bev="0" fileid="5" />
                <SequencePoint vc="5" uspid="1037" ordinal="0" offset="97" sl="22" sc="0" el="22" ec="0" bec="0" bev="0" fileid="5" />
                <SequencePoint vc="6" uspid="1038" ordinal="0" offset="98" sl="18" sc="0" el="18" ec="0" bec="0" bev="0" fileid="5" />
                <SequencePoint vc="0" uspid="1039" ordinal="0" offset="111" sl="23" sc="0" el="23" ec="0" bec="0" bev="0" fileid="5" />
              </SequencePoints>
              <BranchPoints />
            </Method>
          </Methods>
        </Class>
      </Classes>
    </Module>
  </Modules>
</CoverageSession>